  [1m[35m (0.1ms)[0m  [1m[34mSELECT sqlite_version(*)[0m
  ↳ /Users/nathanguy/.rvm/rubies/ruby-2.6.3/bin/rake:23
  [1m[35m (1.5ms)[0m  [1m[35mCREATE TABLE "schema_migrations" ("version" varchar NOT NULL PRIMARY KEY)[0m
  ↳ /Users/nathanguy/.rvm/rubies/ruby-2.6.3/bin/rake:23
  [1m[35m (1.8ms)[0m  [1m[35mCREATE TABLE "ar_internal_metadata" ("key" varchar NOT NULL PRIMARY KEY, "value" varchar, "created_at" datetime NOT NULL, "updated_at" datetime NOT NULL)[0m
  ↳ /Users/nathanguy/.rvm/rubies/ruby-2.6.3/bin/rake:23
  [1m[35m (0.2ms)[0m  [1m[34mSELECT "schema_migrations"."version" FROM "schema_migrations" ORDER BY "schema_migrations"."version" ASC[0m
  ↳ /Users/nathanguy/.rvm/rubies/ruby-2.6.3/bin/rake:23
Migrating to CreateProducts (20190709141815)
  [1m[35m (0.1ms)[0m  [1m[36mbegin transaction[0m
  ↳ /Users/nathanguy/.rvm/rubies/ruby-2.6.3/bin/rake:23
  [1m[35m (0.4ms)[0m  [1m[35mCREATE TABLE "products" ("id" integer PRIMARY KEY AUTOINCREMENT NOT NULL, "product_name" varchar, "available_date" date, "product_upc" varchar, "property_name" varchar, "property_value" varchar, "created_at" datetime NOT NULL, "updated_at" datetime NOT NULL)[0m
  ↳ db/migrate/20190709141815_create_products.rb:3
  [1m[36mActiveRecord::SchemaMigration Create (0.3ms)[0m  [1m[32mINSERT INTO "schema_migrations" ("version") VALUES (?)[0m  [["version", "20190709141815"]]
  ↳ /Users/nathanguy/.rvm/rubies/ruby-2.6.3/bin/rake:23
  [1m[35m (1.1ms)[0m  [1m[36mcommit transaction[0m
  ↳ /Users/nathanguy/.rvm/rubies/ruby-2.6.3/bin/rake:23
  [1m[36mActiveRecord::InternalMetadata Load (0.2ms)[0m  [1m[34mSELECT  "ar_internal_metadata".* FROM "ar_internal_metadata" WHERE "ar_internal_metadata"."key" = ? LIMIT ?[0m  [["key", "environment"], ["LIMIT", 1]]
  ↳ /Users/nathanguy/.rvm/rubies/ruby-2.6.3/bin/rake:23
  [1m[35m (0.0ms)[0m  [1m[36mbegin transaction[0m
  ↳ /Users/nathanguy/.rvm/rubies/ruby-2.6.3/bin/rake:23
  [1m[36mActiveRecord::InternalMetadata Create (0.3ms)[0m  [1m[32mINSERT INTO "ar_internal_metadata" ("key", "value", "created_at", "updated_at") VALUES (?, ?, ?, ?)[0m  [["key", "environment"], ["value", "development"], ["created_at", "2019-07-09 14:18:34.918860"], ["updated_at", "2019-07-09 14:18:34.918860"]]
  ↳ /Users/nathanguy/.rvm/rubies/ruby-2.6.3/bin/rake:23
  [1m[35m (1.3ms)[0m  [1m[36mcommit transaction[0m
  ↳ /Users/nathanguy/.rvm/rubies/ruby-2.6.3/bin/rake:23
  [1m[35m (0.1ms)[0m  [1m[34mSELECT "schema_migrations"."version" FROM "schema_migrations" ORDER BY "schema_migrations"."version" ASC[0m
  ↳ /Users/nathanguy/.rvm/rubies/ruby-2.6.3/bin/rake:23
Started GET "/products" for ::1 at 2019-07-09 09:19:43 -0500
Started GET "/packs/js/application-99930a6b3e3f017177d3.js.map" for ::1 at 2019-07-09 09:19:43 -0500
  [1m[35m (0.4ms)[0m  [1m[34mSELECT "schema_migrations"."version" FROM "schema_migrations" ORDER BY "schema_migrations"."version" ASC[0m
  ↳ /Users/nathanguy/.rvm/gems/ruby-2.6.3/gems/web-console-3.7.0/lib/web_console/middleware.rb:135
  [1m[35m (0.1ms)[0m  [1m[34mSELECT "schema_migrations"."version" FROM "schema_migrations" ORDER BY "schema_migrations"."version" ASC[0m
  
  ↳ /Users/nathanguy/.rvm/gems/ruby-2.6.3/gems/web-console-3.7.0/lib/web_console/middleware.rb:135
ActionController::RoutingError (No route matches [GET] "/packs/js/application-99930a6b3e3f017177d3.js.map"):
  
  
ActionController::RoutingError (No route matches [GET] "/products"):
actionpack (5.2.3) lib/action_dispatch/middleware/debug_exceptions.rb:65:in `call'
web-console (3.7.0) lib/web_console/middleware.rb:135:in `call_app'
web-console (3.7.0) lib/web_console/middleware.rb:30:in `block in call'
web-console (3.7.0) lib/web_console/middleware.rb:20:in `catch'
web-console (3.7.0) lib/web_console/middleware.rb:20:in `call'
actionpack (5.2.3) lib/action_dispatch/middleware/show_exceptions.rb:33:in `call'
railties (5.2.3) lib/rails/rack/logger.rb:38:in `call_app'
railties (5.2.3) lib/rails/rack/logger.rb:26:in `block in call'
activesupport (5.2.3) lib/active_support/tagged_logging.rb:71:in `block in tagged'
activesupport (5.2.3) lib/active_support/tagged_logging.rb:28:in `tagged'
activesupport (5.2.3) lib/active_support/tagged_logging.rb:71:in `tagged'
railties (5.2.3) lib/rails/rack/logger.rb:26:in `call'
sprockets-rails (3.2.1) lib/sprockets/rails/quiet_assets.rb:13:in `call'
actionpack (5.2.3) lib/action_dispatch/middleware/remote_ip.rb:81:in `call'
actionpack (5.2.3) lib/action_dispatch/middleware/request_id.rb:27:in `call'
rack (2.0.7) lib/rack/method_override.rb:22:in `call'
rack (2.0.7) lib/rack/runtime.rb:22:in `call'
activesupport (5.2.3) lib/active_support/cache/strategy/local_cache_middleware.rb:29:in `call'
actionpack (5.2.3) lib/action_dispatch/middleware/executor.rb:14:in `call'
actionpack (5.2.3) lib/action_dispatch/middleware/static.rb:127:in `call'
rack (2.0.7) lib/rack/sendfile.rb:111:in `call'
railties (5.2.3) lib/rails/engine.rb:524:in `call'
puma (3.12.1) lib/puma/configuration.rb:227:in `call'
puma (3.12.1) lib/puma/server.rb:660:in `handle_request'
puma (3.12.1) lib/puma/server.rb:474:in `process_client'
puma (3.12.1) lib/puma/server.rb:334:in `block in run'
puma (3.12.1) lib/puma/thread_pool.rb:135:in `block in spawn_thread'
  
actionpack (5.2.3) lib/action_dispatch/middleware/debug_exceptions.rb:65:in `call'
web-console (3.7.0) lib/web_console/middleware.rb:135:in `call_app'
web-console (3.7.0) lib/web_console/middleware.rb:30:in `block in call'
web-console (3.7.0) lib/web_console/middleware.rb:20:in `catch'
web-console (3.7.0) lib/web_console/middleware.rb:20:in `call'
actionpack (5.2.3) lib/action_dispatch/middleware/show_exceptions.rb:33:in `call'
railties (5.2.3) lib/rails/rack/logger.rb:38:in `call_app'
railties (5.2.3) lib/rails/rack/logger.rb:26:in `block in call'
activesupport (5.2.3) lib/active_support/tagged_logging.rb:71:in `block in tagged'
activesupport (5.2.3) lib/active_support/tagged_logging.rb:28:in `tagged'
activesupport (5.2.3) lib/active_support/tagged_logging.rb:71:in `tagged'
railties (5.2.3) lib/rails/rack/logger.rb:26:in `call'
sprockets-rails (3.2.1) lib/sprockets/rails/quiet_assets.rb:13:in `call'
actionpack (5.2.3) lib/action_dispatch/middleware/remote_ip.rb:81:in `call'
actionpack (5.2.3) lib/action_dispatch/middleware/request_id.rb:27:in `call'
rack (2.0.7) lib/rack/method_override.rb:22:in `call'
rack (2.0.7) lib/rack/runtime.rb:22:in `call'
activesupport (5.2.3) lib/active_support/cache/strategy/local_cache_middleware.rb:29:in `call'
actionpack (5.2.3) lib/action_dispatch/middleware/executor.rb:14:in `call'
actionpack (5.2.3) lib/action_dispatch/middleware/static.rb:127:in `call'
rack (2.0.7) lib/rack/sendfile.rb:111:in `call'
railties (5.2.3) lib/rails/engine.rb:524:in `call'
puma (3.12.1) lib/puma/configuration.rb:227:in `call'
puma (3.12.1) lib/puma/server.rb:660:in `handle_request'
puma (3.12.1) lib/puma/server.rb:474:in `process_client'
puma (3.12.1) lib/puma/server.rb:334:in `block in run'
puma (3.12.1) lib/puma/thread_pool.rb:135:in `block in spawn_thread'
Started GET "/" for ::1 at 2019-07-09 09:19:47 -0500
Processing by Rails::WelcomeController#index as HTML
  Rendering /Users/nathanguy/.rvm/rubies/ruby-2.6.3/lib/ruby/gems/2.6.0/gems/railties-5.2.3/lib/rails/templates/rails/welcome/index.html.erb
  Rendered /Users/nathanguy/.rvm/rubies/ruby-2.6.3/lib/ruby/gems/2.6.0/gems/railties-5.2.3/lib/rails/templates/rails/welcome/index.html.erb (2.2ms)
Completed 200 OK in 6ms (Views: 3.5ms | ActiveRecord: 0.0ms)


  [1m[35m (0.2ms)[0m  [1m[34mSELECT "schema_migrations"."version" FROM "schema_migrations" ORDER BY "schema_migrations"."version" ASC[0m
  ↳ /Users/nathanguy/.rvm/rubies/ruby-2.6.3/bin/rake:23
  [1m[35m (0.1ms)[0m  [1m[36mbegin transaction[0m
  ↳ db/seeds.rb:3
  [1m[36mProduct Create (1.0ms)[0m  [1m[32mINSERT INTO "products" ("product_name", "available_date", "product_upc", "property_name", "property_value", "created_at", "updated_at") VALUES (?, ?, ?, ?, ?, ?, ?)[0m  [["product_name", "P1"], ["available_date", "2019-07-18"], ["product_upc", "1234567890"], ["property_name", "Brand: VioletGrey"], ["property_value", "Color: red"], ["created_at", "2019-07-09 14:20:39.795203"], ["updated_at", "2019-07-09 14:20:39.795203"]]
  ↳ db/seeds.rb:3
  [1m[35m (0.7ms)[0m  [1m[36mcommit transaction[0m
  ↳ db/seeds.rb:3
  [1m[35m (0.0ms)[0m  [1m[36mbegin transaction[0m
  ↳ db/seeds.rb:3
  [1m[36mProduct Create (0.2ms)[0m  [1m[32mINSERT INTO "products" ("product_name", "available_date", "product_upc", "property_name", "property_value", "created_at", "updated_at") VALUES (?, ?, ?, ?, ?, ?, ?)[0m  [["product_name", "P2"], ["available_date", "2019-07-20"], ["product_upc", "2134567890"], ["property_name", "Brand: Nike"], ["property_value", "Model: Airmax"], ["created_at", "2019-07-09 14:20:39.798605"], ["updated_at", "2019-07-09 14:20:39.798605"]]
  ↳ db/seeds.rb:3
  [1m[35m (0.6ms)[0m  [1m[36mcommit transaction[0m
  ↳ db/seeds.rb:3
  [1m[35m (0.0ms)[0m  [1m[36mbegin transaction[0m
  ↳ db/seeds.rb:3
  [1m[36mProduct Create (0.2ms)[0m  [1m[32mINSERT INTO "products" ("product_name", "available_date", "product_upc", "property_name", "property_value", "created_at", "updated_at") VALUES (?, ?, ?, ?, ?, ?, ?)[0m  [["product_name", "P3"], ["available_date", "2019-07-22"], ["product_upc", "3124567890"], ["property_name", "Brand: Kswiss"], ["property_value", "Model: Clouds and Dirt"], ["created_at", "2019-07-09 14:20:39.800508"], ["updated_at", "2019-07-09 14:20:39.800508"]]
  ↳ db/seeds.rb:3
  [1m[35m (0.6ms)[0m  [1m[36mcommit transaction[0m
  ↳ db/seeds.rb:3
  [1m[35m (0.0ms)[0m  [1m[36mbegin transaction[0m
  ↳ db/seeds.rb:3
  [1m[36mProduct Create (0.2ms)[0m  [1m[32mINSERT INTO "products" ("product_name", "available_date", "product_upc", "property_name", "property_value", "created_at", "updated_at") VALUES (?, ?, ?, ?, ?, ?, ?)[0m  [["product_name", "P4"], ["available_date", "2019-07-24"], ["product_upc", "4123567890"], ["property_name", "Brand: Nike"], ["property_value", "Model: Free Run 2.0"], ["created_at", "2019-07-09 14:20:39.802484"], ["updated_at", "2019-07-09 14:20:39.802484"]]
  ↳ db/seeds.rb:3
  [1m[35m (0.7ms)[0m  [1m[36mcommit transaction[0m
  ↳ db/seeds.rb:3
  [1m[35m (0.0ms)[0m  [1m[36mbegin transaction[0m
  ↳ db/seeds.rb:3
  [1m[36mProduct Create (0.2ms)[0m  [1m[32mINSERT INTO "products" ("product_name", "available_date", "product_upc", "property_name", "property_value", "created_at", "updated_at") VALUES (?, ?, ?, ?, ?, ?, ?)[0m  [["product_name", "P5"], ["available_date", "2019-07-26"], ["product_upc", "5123467890"], ["property_name", "Brand: Nike"], ["property_value", "Model: Roshie"], ["created_at", "2019-07-09 14:20:39.804359"], ["updated_at", "2019-07-09 14:20:39.804359"]]
  ↳ db/seeds.rb:3
  [1m[35m (0.6ms)[0m  [1m[36mcommit transaction[0m
  ↳ db/seeds.rb:3
  [1m[35m (0.1ms)[0m  [1m[36mbegin transaction[0m
  ↳ db/seeds.rb:3
  [1m[36mProduct Create (0.3ms)[0m  [1m[32mINSERT INTO "products" ("product_name", "available_date", "product_upc", "property_name", "property_value", "created_at", "updated_at") VALUES (?, ?, ?, ?, ?, ?, ?)[0m  [["product_name", "P6"], ["available_date", "2019-07-28"], ["product_upc", "6123457890"], ["property_name", "Brand: Kswiss"], ["property_value", "Model: Gen K"], ["created_at", "2019-07-09 14:20:39.809448"], ["updated_at", "2019-07-09 14:20:39.809448"]]
  ↳ db/seeds.rb:3
  [1m[35m (0.7ms)[0m  [1m[36mcommit transaction[0m
  ↳ db/seeds.rb:3
  [1m[35m (0.0ms)[0m  [1m[36mbegin transaction[0m
  ↳ db/seeds.rb:3
  [1m[36mProduct Create (0.3ms)[0m  [1m[32mINSERT INTO "products" ("product_name", "available_date", "product_upc", "property_name", "property_value", "created_at", "updated_at") VALUES (?, ?, ?, ?, ?, ?, ?)[0m  [["product_name", "P7"], ["available_date", "2019-07-30"], ["product_upc", "7123456890"], ["property_name", "Brand: Adidas"], ["property_value", "Model: Cloudfoam Pure"], ["created_at", "2019-07-09 14:20:39.811713"], ["updated_at", "2019-07-09 14:20:39.811713"]]
  ↳ db/seeds.rb:3
  [1m[35m (0.6ms)[0m  [1m[36mcommit transaction[0m
  ↳ db/seeds.rb:3
  [1m[35m (0.1ms)[0m  [1m[34mSELECT COUNT(*) FROM "products"[0m
Started GET "/" for ::1 at 2019-07-09 09:30:29 -0500
  [1m[35m (0.4ms)[0m  [1m[34mSELECT "schema_migrations"."version" FROM "schema_migrations" ORDER BY "schema_migrations"."version" ASC[0m
  ↳ /Users/nathanguy/.rvm/gems/ruby-2.6.3/gems/web-console-3.7.0/lib/web_console/middleware.rb:135
Processing by SiteController#index as HTML
  Rendering site/index.html.erb within layouts/application
  Rendered site/index.html.erb within layouts/application (1.3ms)
[Webpacker] Compiling…
[Webpacker] Compiled all packs in /Users/nathanguy/Desktop/highlandsInterview/V9/productManager/public/packs
Completed 200 OK in 3654ms (Views: 3648.7ms | ActiveRecord: 0.0ms)


Started GET "/" for ::1 at 2019-07-09 09:38:51 -0500
  [1m[35m (0.4ms)[0m  [1m[34mSELECT "schema_migrations"."version" FROM "schema_migrations" ORDER BY "schema_migrations"."version" ASC[0m
  ↳ /Users/nathanguy/.rvm/gems/ruby-2.6.3/gems/web-console-3.7.0/lib/web_console/middleware.rb:135
Processing by SiteController#index as HTML
  Rendering site/index.html.erb within layouts/application
  Rendered site/index.html.erb within layouts/application (1.0ms)
[Webpacker] Compiling…
[Webpacker] Compiled all packs in /Users/nathanguy/Desktop/highlandsInterview/V9/productManager/public/packs
Completed 200 OK in 6532ms (Views: 6526.3ms | ActiveRecord: 0.0ms)


Started GET "/api/products.json" for ::1 at 2019-07-09 09:38:58 -0500
Processing by Api::ProductsController#index as JSON
  [1m[36mProduct Load (1.0ms)[0m  [1m[34mSELECT "products".* FROM "products" ORDER BY "products"."available_date" DESC[0m
  ↳ /Users/nathanguy/.rvm/gems/ruby-2.6.3/gems/responders-3.0.0/lib/action_controller/responder.rb:262
Completed 200 OK in 29ms (Views: 20.5ms | ActiveRecord: 1.9ms)


Started GET "/" for ::1 at 2019-07-09 09:39:51 -0500
Processing by SiteController#index as HTML
  Rendering site/index.html.erb within layouts/application
  Rendered site/index.html.erb within layouts/application (0.5ms)
[Webpacker] Compiling…
[Webpacker] Compiled all packs in /Users/nathanguy/Desktop/highlandsInterview/V9/productManager/public/packs
Completed 200 OK in 2885ms (Views: 2883.4ms | ActiveRecord: 0.0ms)


Started GET "/api/products.json" for ::1 at 2019-07-09 09:39:54 -0500
Processing by Api::ProductsController#index as JSON
  [1m[36mProduct Load (0.3ms)[0m  [1m[34mSELECT "products".* FROM "products" ORDER BY "products"."available_date" DESC[0m
  ↳ /Users/nathanguy/.rvm/gems/ruby-2.6.3/gems/responders-3.0.0/lib/action_controller/responder.rb:262
Completed 200 OK in 5ms (Views: 2.9ms | ActiveRecord: 0.3ms)


Started GET "/" for ::1 at 2019-07-09 09:53:41 -0500
  [1m[35m (0.4ms)[0m  [1m[34mSELECT "schema_migrations"."version" FROM "schema_migrations" ORDER BY "schema_migrations"."version" ASC[0m
  ↳ /Users/nathanguy/.rvm/gems/ruby-2.6.3/gems/web-console-3.7.0/lib/web_console/middleware.rb:135
Started GET "/products" for ::1 at 2019-07-09 09:53:42 -0500
Processing by SiteController#index as HTML
  Rendering site/index.html.erb within layouts/application
  Rendered site/index.html.erb within layouts/application (1.2ms)
[Webpacker] Compiling…
[Webpacker] Compiled all packs in /Users/nathanguy/Desktop/highlandsInterview/V9/productManager/public/packs
Completed 200 OK in 4493ms (Views: 4488.2ms | ActiveRecord: 0.0ms)


Started GET "/api/products.json" for ::1 at 2019-07-09 09:53:46 -0500
Processing by Api::ProductsController#index as JSON
  [1m[36mProduct Load (0.6ms)[0m  [1m[34mSELECT "products".* FROM "products" ORDER BY "products"."available_date" DESC[0m
  ↳ /Users/nathanguy/.rvm/gems/ruby-2.6.3/gems/responders-3.0.0/lib/action_controller/responder.rb:262
Completed 200 OK in 31ms (Views: 21.3ms | ActiveRecord: 1.5ms)


Started GET "/products/7" for ::1 at 2019-07-09 10:00:53 -0500
  [1m[35m (0.4ms)[0m  [1m[34mSELECT "schema_migrations"."version" FROM "schema_migrations" ORDER BY "schema_migrations"."version" ASC[0m
  ↳ /Users/nathanguy/.rvm/gems/ruby-2.6.3/gems/web-console-3.7.0/lib/web_console/middleware.rb:135
Processing by SiteController#index as HTML
  Parameters: {"id"=>"7"}
  Rendering site/index.html.erb within layouts/application
  Rendered site/index.html.erb within layouts/application (1.3ms)
[Webpacker] Compiling…
[Webpacker] Compiled all packs in /Users/nathanguy/Desktop/highlandsInterview/V9/productManager/public/packs
Completed 200 OK in 4356ms (Views: 4351.1ms | ActiveRecord: 0.0ms)


Started GET "/api/products.json" for ::1 at 2019-07-09 10:00:58 -0500
Processing by Api::ProductsController#index as JSON
  [1m[36mProduct Load (0.7ms)[0m  [1m[34mSELECT "products".* FROM "products" ORDER BY "products"."available_date" DESC[0m
  ↳ /Users/nathanguy/.rvm/gems/ruby-2.6.3/gems/responders-3.0.0/lib/action_controller/responder.rb:262
Completed 200 OK in 40ms (Views: 22.6ms | ActiveRecord: 2.4ms)


Started GET "/" for ::1 at 2019-07-09 10:00:58 -0500
Started GET "/products" for ::1 at 2019-07-09 10:00:58 -0500
Processing by SiteController#index as HTML
  Rendering site/index.html.erb within layouts/application
  Rendered site/index.html.erb within layouts/application (0.3ms)
Completed 200 OK in 14ms (Views: 13.2ms | ActiveRecord: 0.0ms)


Started GET "/api/products.json" for ::1 at 2019-07-09 10:00:58 -0500
Processing by Api::ProductsController#index as JSON
  [1m[36mProduct Load (1.3ms)[0m  [1m[34mSELECT "products".* FROM "products" ORDER BY "products"."available_date" DESC[0m
  ↳ /Users/nathanguy/.rvm/gems/ruby-2.6.3/gems/responders-3.0.0/lib/action_controller/responder.rb:262
Completed 200 OK in 10ms (Views: 5.9ms | ActiveRecord: 1.3ms)


Started GET "/" for ::1 at 2019-07-09 10:01:02 -0500
Started GET "/api/products.json" for ::1 at 2019-07-09 10:01:02 -0500
Processing by Api::ProductsController#index as JSON
  [1m[36mProduct Load (0.3ms)[0m  [1m[34mSELECT "products".* FROM "products" ORDER BY "products"."available_date" DESC[0m
  ↳ /Users/nathanguy/.rvm/gems/ruby-2.6.3/gems/responders-3.0.0/lib/action_controller/responder.rb:262
Started GET "/products" for ::1 at 2019-07-09 10:01:02 -0500
Completed 200 OK in 6ms (Views: 3.1ms | ActiveRecord: 0.3ms)


Processing by SiteController#index as HTML
  Rendering site/index.html.erb within layouts/application
  Rendered site/index.html.erb within layouts/application (0.4ms)
Completed 200 OK in 25ms (Views: 23.1ms | ActiveRecord: 0.0ms)


Started GET "/api/products.json" for ::1 at 2019-07-09 10:01:02 -0500
Processing by Api::ProductsController#index as JSON
  [1m[36mProduct Load (0.3ms)[0m  [1m[34mSELECT "products".* FROM "products" ORDER BY "products"."available_date" DESC[0m
  ↳ /Users/nathanguy/.rvm/gems/ruby-2.6.3/gems/responders-3.0.0/lib/action_controller/responder.rb:262
Completed 200 OK in 5ms (Views: 2.8ms | ActiveRecord: 0.3ms)


Started GET "/products" for ::1 at 2019-07-09 10:04:36 -0500
Processing by SiteController#index as HTML
  Rendering site/index.html.erb within layouts/application
  Rendered site/index.html.erb within layouts/application (0.3ms)
Started GET "/packs/js/application-99930a6b3e3f017177d3.js.map" for ::1 at 2019-07-09 10:04:36 -0500
  
ActionController::RoutingError (No route matches [GET] "/packs/js/application-99930a6b3e3f017177d3.js.map"):
  
actionpack (5.2.3) lib/action_dispatch/middleware/debug_exceptions.rb:65:in `call'
web-console (3.7.0) lib/web_console/middleware.rb:135:in `call_app'
web-console (3.7.0) lib/web_console/middleware.rb:30:in `block in call'
web-console (3.7.0) lib/web_console/middleware.rb:20:in `catch'
web-console (3.7.0) lib/web_console/middleware.rb:20:in `call'
actionpack (5.2.3) lib/action_dispatch/middleware/show_exceptions.rb:33:in `call'
railties (5.2.3) lib/rails/rack/logger.rb:38:in `call_app'
railties (5.2.3) lib/rails/rack/logger.rb:26:in `block in call'
activesupport (5.2.3) lib/active_support/tagged_logging.rb:71:in `block in tagged'
activesupport (5.2.3) lib/active_support/tagged_logging.rb:28:in `tagged'
activesupport (5.2.3) lib/active_support/tagged_logging.rb:71:in `tagged'
railties (5.2.3) lib/rails/rack/logger.rb:26:in `call'
sprockets-rails (3.2.1) lib/sprockets/rails/quiet_assets.rb:13:in `call'
actionpack (5.2.3) lib/action_dispatch/middleware/remote_ip.rb:81:in `call'
actionpack (5.2.3) lib/action_dispatch/middleware/request_id.rb:27:in `call'
rack (2.0.7) lib/rack/method_override.rb:22:in `call'
rack (2.0.7) lib/rack/runtime.rb:22:in `call'
activesupport (5.2.3) lib/active_support/cache/strategy/local_cache_middleware.rb:29:in `call'
actionpack (5.2.3) lib/action_dispatch/middleware/executor.rb:14:in `call'
actionpack (5.2.3) lib/action_dispatch/middleware/static.rb:127:in `call'
rack (2.0.7) lib/rack/sendfile.rb:111:in `call'
webpacker (4.0.7) lib/webpacker/dev_server_proxy.rb:29:in `perform_request'
rack-proxy (0.6.5) lib/rack/proxy.rb:57:in `call'
railties (5.2.3) lib/rails/engine.rb:524:in `call'
puma (3.12.1) lib/puma/configuration.rb:227:in `call'
puma (3.12.1) lib/puma/server.rb:660:in `handle_request'
puma (3.12.1) lib/puma/server.rb:474:in `process_client'
puma (3.12.1) lib/puma/server.rb:334:in `block in run'
puma (3.12.1) lib/puma/thread_pool.rb:135:in `block in spawn_thread'
[Webpacker] Compiling…
[Webpacker] Compiled all packs in /Users/nathanguy/Desktop/highlandsInterview/V9/productManager/public/packs
Completed 200 OK in 3499ms (Views: 3497.6ms | ActiveRecord: 0.0ms)


Started GET "/api/products.json" for ::1 at 2019-07-09 10:04:39 -0500
Processing by Api::ProductsController#index as JSON
  [1m[36mProduct Load (0.3ms)[0m  [1m[34mSELECT "products".* FROM "products" ORDER BY "products"."available_date" DESC[0m
  ↳ /Users/nathanguy/.rvm/gems/ruby-2.6.3/gems/responders-3.0.0/lib/action_controller/responder.rb:262
Completed 200 OK in 6ms (Views: 3.5ms | ActiveRecord: 0.3ms)


Started GET "/products" for ::1 at 2019-07-09 10:06:13 -0500
Processing by SiteController#index as HTML
Started GET "/packs/js/application-99930a6b3e3f017177d3.js.map" for ::1 at 2019-07-09 10:06:13 -0500
  
ActionController::RoutingError (No route matches [GET] "/packs/js/application-99930a6b3e3f017177d3.js.map"):
  
actionpack (5.2.3) lib/action_dispatch/middleware/debug_exceptions.rb:65:in `call'
web-console (3.7.0) lib/web_console/middleware.rb:135:in `call_app'
web-console (3.7.0) lib/web_console/middleware.rb:30:in `block in call'
web-console (3.7.0) lib/web_console/middleware.rb:20:in `catch'
web-console (3.7.0) lib/web_console/middleware.rb:20:in `call'
actionpack (5.2.3) lib/action_dispatch/middleware/show_exceptions.rb:33:in `call'
railties (5.2.3) lib/rails/rack/logger.rb:38:in `call_app'
railties (5.2.3) lib/rails/rack/logger.rb:26:in `block in call'
activesupport (5.2.3) lib/active_support/tagged_logging.rb:71:in `block in tagged'
activesupport (5.2.3) lib/active_support/tagged_logging.rb:28:in `tagged'
activesupport (5.2.3) lib/active_support/tagged_logging.rb:71:in `tagged'
railties (5.2.3) lib/rails/rack/logger.rb:26:in `call'
sprockets-rails (3.2.1) lib/sprockets/rails/quiet_assets.rb:13:in `call'
actionpack (5.2.3) lib/action_dispatch/middleware/remote_ip.rb:81:in `call'
actionpack (5.2.3) lib/action_dispatch/middleware/request_id.rb:27:in `call'
rack (2.0.7) lib/rack/method_override.rb:22:in `call'
rack (2.0.7) lib/rack/runtime.rb:22:in `call'
activesupport (5.2.3) lib/active_support/cache/strategy/local_cache_middleware.rb:29:in `call'
actionpack (5.2.3) lib/action_dispatch/middleware/executor.rb:14:in `call'
actionpack (5.2.3) lib/action_dispatch/middleware/static.rb:127:in `call'
rack (2.0.7) lib/rack/sendfile.rb:111:in `call'
webpacker (4.0.7) lib/webpacker/dev_server_proxy.rb:29:in `perform_request'
rack-proxy (0.6.5) lib/rack/proxy.rb:57:in `call'
railties (5.2.3) lib/rails/engine.rb:524:in `call'
puma (3.12.1) lib/puma/configuration.rb:227:in `call'
puma (3.12.1) lib/puma/server.rb:660:in `handle_request'
puma (3.12.1) lib/puma/server.rb:474:in `process_client'
puma (3.12.1) lib/puma/server.rb:334:in `block in run'
puma (3.12.1) lib/puma/thread_pool.rb:135:in `block in spawn_thread'
  Rendering site/index.html.erb within layouts/application
  Rendered site/index.html.erb within layouts/application (0.3ms)
[Webpacker] Compiling…
[Webpacker] Compiled all packs in /Users/nathanguy/Desktop/highlandsInterview/V9/productManager/public/packs
Completed 200 OK in 3634ms (Views: 3632.6ms | ActiveRecord: 0.0ms)


Started GET "/api/products.json" for ::1 at 2019-07-09 10:06:16 -0500
Processing by Api::ProductsController#index as JSON
  [1m[36mProduct Load (0.8ms)[0m  [1m[34mSELECT "products".* FROM "products" ORDER BY "products"."available_date" DESC[0m
  ↳ /Users/nathanguy/.rvm/gems/ruby-2.6.3/gems/responders-3.0.0/lib/action_controller/responder.rb:262
Completed 200 OK in 8ms (Views: 4.4ms | ActiveRecord: 0.8ms)


Started GET "/products" for ::1 at 2019-07-09 10:06:21 -0500
Processing by SiteController#index as HTML
  Rendering site/index.html.erb within layouts/application
  Rendered site/index.html.erb within layouts/application (0.3ms)
Completed 200 OK in 19ms (Views: 17.8ms | ActiveRecord: 0.0ms)


Started GET "/products" for ::1 at 2019-07-09 10:06:24 -0500
Processing by SiteController#index as HTML
Started GET "/packs/js/application-99930a6b3e3f017177d3.js.map" for ::1 at 2019-07-09 10:06:24 -0500
  
ActionController::RoutingError (No route matches [GET] "/packs/js/application-99930a6b3e3f017177d3.js.map"):
  Rendering site/index.html.erb within layouts/application
  
actionpack (5.2.3) lib/action_dispatch/middleware/debug_exceptions.rb:65:in `call'
web-console (3.7.0) lib/web_console/middleware.rb:135:in `call_app'
web-console (3.7.0) lib/web_console/middleware.rb:30:in `block in call'
web-console (3.7.0) lib/web_console/middleware.rb:20:in `catch'
web-console (3.7.0) lib/web_console/middleware.rb:20:in `call'
actionpack (5.2.3) lib/action_dispatch/middleware/show_exceptions.rb:33:in `call'
railties (5.2.3) lib/rails/rack/logger.rb:38:in `call_app'
railties (5.2.3) lib/rails/rack/logger.rb:26:in `block in call'
activesupport (5.2.3) lib/active_support/tagged_logging.rb:71:in `block in tagged'
activesupport (5.2.3) lib/active_support/tagged_logging.rb:28:in `tagged'
activesupport (5.2.3) lib/active_support/tagged_logging.rb:71:in `tagged'
railties (5.2.3) lib/rails/rack/logger.rb:26:in `call'
sprockets-rails (3.2.1) lib/sprockets/rails/quiet_assets.rb:13:in `call'
actionpack (5.2.3) lib/action_dispatch/middleware/remote_ip.rb:81:in `call'
actionpack (5.2.3) lib/action_dispatch/middleware/request_id.rb:27:in `call'
rack (2.0.7) lib/rack/method_override.rb:22:in `call'
rack (2.0.7) lib/rack/runtime.rb:22:in `call'
activesupport (5.2.3) lib/active_support/cache/strategy/local_cache_middleware.rb:29:in `call'
actionpack (5.2.3) lib/action_dispatch/middleware/executor.rb:14:in `call'
actionpack (5.2.3) lib/action_dispatch/middleware/static.rb:127:in `call'
rack (2.0.7) lib/rack/sendfile.rb:111:in `call'
webpacker (4.0.7) lib/webpacker/dev_server_proxy.rb:29:in `perform_request'
rack-proxy (0.6.5) lib/rack/proxy.rb:57:in `call'
railties (5.2.3) lib/rails/engine.rb:524:in `call'
puma (3.12.1) lib/puma/configuration.rb:227:in `call'
puma (3.12.1) lib/puma/server.rb:660:in `handle_request'
puma (3.12.1) lib/puma/server.rb:474:in `process_client'
puma (3.12.1) lib/puma/server.rb:334:in `block in run'
puma (3.12.1) lib/puma/thread_pool.rb:135:in `block in spawn_thread'
  Rendered site/index.html.erb within layouts/application (0.3ms)
Completed 200 OK in 79ms (Views: 77.0ms | ActiveRecord: 0.0ms)


Started GET "/api/products.json" for ::1 at 2019-07-09 10:06:25 -0500
Processing by Api::ProductsController#index as JSON
  [1m[36mProduct Load (0.2ms)[0m  [1m[34mSELECT "products".* FROM "products" ORDER BY "products"."available_date" DESC[0m
  ↳ /Users/nathanguy/.rvm/gems/ruby-2.6.3/gems/responders-3.0.0/lib/action_controller/responder.rb:262
Completed 200 OK in 6ms (Views: 2.7ms | ActiveRecord: 0.2ms)


Started GET "/products" for ::1 at 2019-07-09 10:08:59 -0500
Processing by SiteController#index as HTML
  Rendering site/index.html.erb within layouts/application
  Rendered site/index.html.erb within layouts/application (0.3ms)
[Webpacker] Compiling…
[Webpacker] Compiled all packs in /Users/nathanguy/Desktop/highlandsInterview/V9/productManager/public/packs
Completed 200 OK in 3521ms (Views: 3519.8ms | ActiveRecord: 0.0ms)


Started GET "/api/products.json" for ::1 at 2019-07-09 10:09:02 -0500
Processing by Api::ProductsController#index as JSON
  [1m[36mProduct Load (0.3ms)[0m  [1m[34mSELECT "products".* FROM "products" ORDER BY "products"."available_date" DESC[0m
  ↳ /Users/nathanguy/.rvm/gems/ruby-2.6.3/gems/responders-3.0.0/lib/action_controller/responder.rb:262
Completed 200 OK in 7ms (Views: 3.5ms | ActiveRecord: 0.3ms)


Started GET "/products" for ::1 at 2019-07-09 10:09:15 -0500
Processing by SiteController#index as HTML
  Rendering site/index.html.erb within layouts/application
  Rendered site/index.html.erb within layouts/application (0.5ms)
[Webpacker] Compiling…
[Webpacker] Compiled all packs in /Users/nathanguy/Desktop/highlandsInterview/V9/productManager/public/packs
Completed 200 OK in 3110ms (Views: 3109.3ms | ActiveRecord: 0.0ms)


Started GET "/api/products.json" for ::1 at 2019-07-09 10:09:18 -0500
Processing by Api::ProductsController#index as JSON
  [1m[36mProduct Load (0.4ms)[0m  [1m[34mSELECT "products".* FROM "products" ORDER BY "products"."available_date" DESC[0m
  ↳ /Users/nathanguy/.rvm/gems/ruby-2.6.3/gems/responders-3.0.0/lib/action_controller/responder.rb:262
Completed 200 OK in 6ms (Views: 2.9ms | ActiveRecord: 0.4ms)


Started GET "/products" for ::1 at 2019-07-09 10:09:32 -0500
Processing by SiteController#index as HTML
  Rendering site/index.html.erb within layouts/application
  Rendered site/index.html.erb within layouts/application (0.5ms)
Completed 200 OK in 20ms (Views: 17.3ms | ActiveRecord: 0.0ms)


Started GET "/products" for ::1 at 2019-07-09 10:09:37 -0500
Processing by SiteController#index as HTML
  Rendering site/index.html.erb within layouts/application
  Rendered site/index.html.erb within layouts/application (0.3ms)
Completed 200 OK in 13ms (Views: 11.9ms | ActiveRecord: 0.0ms)


Started GET "/api/products.json" for ::1 at 2019-07-09 10:09:37 -0500
Processing by Api::ProductsController#index as JSON
  [1m[36mProduct Load (0.5ms)[0m  [1m[34mSELECT "products".* FROM "products" ORDER BY "products"."available_date" DESC[0m
  ↳ /Users/nathanguy/.rvm/gems/ruby-2.6.3/gems/responders-3.0.0/lib/action_controller/responder.rb:262
Completed 200 OK in 8ms (Views: 4.9ms | ActiveRecord: 0.5ms)


Started GET "/products" for ::1 at 2019-07-09 10:10:29 -0500
Processing by SiteController#index as HTML
  Rendering site/index.html.erb within layouts/application
  Rendered site/index.html.erb within layouts/application (0.5ms)
Completed 200 OK in 19ms (Views: 18.0ms | ActiveRecord: 0.0ms)


Started GET "/api/products.json" for ::1 at 2019-07-09 10:10:29 -0500
Processing by Api::ProductsController#index as JSON
  [1m[36mProduct Load (1.3ms)[0m  [1m[34mSELECT "products".* FROM "products" ORDER BY "products"."available_date" DESC[0m
  ↳ /Users/nathanguy/.rvm/gems/ruby-2.6.3/gems/responders-3.0.0/lib/action_controller/responder.rb:262
Completed 200 OK in 10ms (Views: 5.9ms | ActiveRecord: 1.3ms)


Started GET "/products/" for ::1 at 2019-07-09 10:10:35 -0500
Processing by SiteController#index as HTML
  Rendering site/index.html.erb within layouts/application
  Rendered site/index.html.erb within layouts/application (0.3ms)
Completed 200 OK in 14ms (Views: 13.0ms | ActiveRecord: 0.0ms)


Started GET "/api/products.json" for ::1 at 2019-07-09 10:10:35 -0500
Processing by Api::ProductsController#index as JSON
  [1m[36mProduct Load (0.5ms)[0m  [1m[34mSELECT "products".* FROM "products" ORDER BY "products"."available_date" DESC[0m
  ↳ /Users/nathanguy/.rvm/gems/ruby-2.6.3/gems/responders-3.0.0/lib/action_controller/responder.rb:262
Completed 200 OK in 9ms (Views: 4.9ms | ActiveRecord: 0.5ms)


Started GET "/products/" for ::1 at 2019-07-09 10:11:55 -0500
Processing by SiteController#index as HTML
  Rendering site/index.html.erb within layouts/application
  Rendered site/index.html.erb within layouts/application (0.3ms)
[Webpacker] Compiling…
[Webpacker] Compiled all packs in /Users/nathanguy/Desktop/highlandsInterview/V9/productManager/public/packs
Completed 200 OK in 2909ms (Views: 2907.7ms | ActiveRecord: 0.0ms)


Started GET "/api/products.json" for ::1 at 2019-07-09 10:11:58 -0500
Processing by Api::ProductsController#index as JSON
  [1m[36mProduct Load (0.4ms)[0m  [1m[34mSELECT "products".* FROM "products" ORDER BY "products"."available_date" DESC[0m
  ↳ /Users/nathanguy/.rvm/gems/ruby-2.6.3/gems/responders-3.0.0/lib/action_controller/responder.rb:262
Completed 200 OK in 5ms (Views: 2.8ms | ActiveRecord: 0.4ms)


Started GET "/products/7" for ::1 at 2019-07-09 10:16:08 -0500
  [1m[35m (0.4ms)[0m  [1m[34mSELECT "schema_migrations"."version" FROM "schema_migrations" ORDER BY "schema_migrations"."version" ASC[0m
  ↳ /Users/nathanguy/.rvm/gems/ruby-2.6.3/gems/web-console-3.7.0/lib/web_console/middleware.rb:135
Processing by SiteController#index as HTML
  Parameters: {"id"=>"7"}
  Rendering site/index.html.erb within layouts/application
  Rendered site/index.html.erb within layouts/application (1.0ms)
[Webpacker] Compiling…
[Webpacker] Compiled all packs in /Users/nathanguy/Desktop/highlandsInterview/V9/productManager/public/packs
Completed 200 OK in 3090ms (Views: 3089.0ms | ActiveRecord: 0.0ms)


Started GET "/api/products.json" for ::1 at 2019-07-09 10:16:11 -0500
Processing by Api::ProductsController#index as JSON
  [1m[36mProduct Load (1.4ms)[0m  [1m[34mSELECT "products".* FROM "products" ORDER BY "products"."available_date" DESC[0m
  ↳ /Users/nathanguy/.rvm/gems/ruby-2.6.3/gems/responders-3.0.0/lib/action_controller/responder.rb:262
Completed 200 OK in 34ms (Views: 19.4ms | ActiveRecord: 3.1ms)


Started GET "/products/7" for ::1 at 2019-07-09 10:16:13 -0500
Processing by SiteController#index as HTML
  Parameters: {"id"=>"7"}
  Rendering site/index.html.erb within layouts/application
  Rendered site/index.html.erb within layouts/application (0.3ms)
Completed 200 OK in 6ms (Views: 5.7ms | ActiveRecord: 0.0ms)


Started GET "/api/products.json" for ::1 at 2019-07-09 10:16:13 -0500
Processing by Api::ProductsController#index as JSON
  [1m[36mProduct Load (0.2ms)[0m  [1m[34mSELECT "products".* FROM "products" ORDER BY "products"."available_date" DESC[0m
  ↳ /Users/nathanguy/.rvm/gems/ruby-2.6.3/gems/responders-3.0.0/lib/action_controller/responder.rb:262
Completed 200 OK in 6ms (Views: 4.1ms | ActiveRecord: 0.2ms)


Started GET "/products/7" for ::1 at 2019-07-09 10:16:35 -0500
Processing by SiteController#index as HTML
  Parameters: {"id"=>"7"}
  Rendering site/index.html.erb within layouts/application
  Rendered site/index.html.erb within layouts/application (0.4ms)
[Webpacker] Compiling…
[Webpacker] Compiled all packs in /Users/nathanguy/Desktop/highlandsInterview/V9/productManager/public/packs
Completed 200 OK in 3547ms (Views: 3546.6ms | ActiveRecord: 0.0ms)


Started GET "/api/products.json" for ::1 at 2019-07-09 10:16:38 -0500
Processing by Api::ProductsController#index as JSON
  [1m[36mProduct Load (0.2ms)[0m  [1m[34mSELECT "products".* FROM "products" ORDER BY "products"."available_date" DESC[0m
  ↳ /Users/nathanguy/.rvm/gems/ruby-2.6.3/gems/responders-3.0.0/lib/action_controller/responder.rb:262
Completed 200 OK in 5ms (Views: 3.3ms | ActiveRecord: 0.2ms)


Started GET "/products/1" for ::1 at 2019-07-09 10:17:23 -0500
Processing by SiteController#index as HTML
  Parameters: {"id"=>"1"}
  Rendering site/index.html.erb within layouts/application
  Rendered site/index.html.erb within layouts/application (0.3ms)
[Webpacker] Compiling…
[Webpacker] Compiled all packs in /Users/nathanguy/Desktop/highlandsInterview/V9/productManager/public/packs
Completed 200 OK in 3390ms (Views: 3388.9ms | ActiveRecord: 0.0ms)


Started GET "/api/products.json" for ::1 at 2019-07-09 10:17:27 -0500
Processing by Api::ProductsController#index as JSON
  [1m[36mProduct Load (0.2ms)[0m  [1m[34mSELECT "products".* FROM "products" ORDER BY "products"."available_date" DESC[0m
  ↳ /Users/nathanguy/.rvm/gems/ruby-2.6.3/gems/responders-3.0.0/lib/action_controller/responder.rb:262
Completed 200 OK in 4ms (Views: 2.6ms | ActiveRecord: 0.2ms)


Started GET "/products/1" for ::1 at 2019-07-09 10:27:03 -0500
  [1m[35m (0.4ms)[0m  [1m[34mSELECT "schema_migrations"."version" FROM "schema_migrations" ORDER BY "schema_migrations"."version" ASC[0m
  ↳ /Users/nathanguy/.rvm/gems/ruby-2.6.3/gems/web-console-3.7.0/lib/web_console/middleware.rb:135
Processing by SiteController#index as HTML
  Parameters: {"id"=>"1"}
  Rendering site/index.html.erb within layouts/application
  Rendered site/index.html.erb within layouts/application (1.0ms)
[Webpacker] Compiling…
[Webpacker] Compiled all packs in /Users/nathanguy/Desktop/highlandsInterview/V9/productManager/public/packs
Completed 200 OK in 3717ms (Views: 3715.6ms | ActiveRecord: 0.0ms)


Started GET "/api/products.json" for ::1 at 2019-07-09 10:27:06 -0500
Processing by Api::ProductsController#index as JSON
  [1m[36mProduct Load (0.6ms)[0m  [1m[34mSELECT "products".* FROM "products" ORDER BY "products"."available_date" DESC[0m
  ↳ /Users/nathanguy/.rvm/gems/ruby-2.6.3/gems/responders-3.0.0/lib/action_controller/responder.rb:262
Completed 200 OK in 21ms (Views: 11.9ms | ActiveRecord: 1.4ms)


Started GET "/products/7" for ::1 at 2019-07-09 10:30:53 -0500
Processing by SiteController#index as HTML
  Parameters: {"id"=>"7"}
  Rendering site/index.html.erb within layouts/application
  Rendered site/index.html.erb within layouts/application (0.3ms)
[Webpacker] Compiling…
[Webpacker] Compilation failed:

Completed 200 OK in 4252ms (Views: 4250.7ms | ActiveRecord: 0.0ms)


Started GET "/products/7" for ::1 at 2019-07-09 10:33:47 -0500
  [1m[35m (0.5ms)[0m  [1m[34mSELECT "schema_migrations"."version" FROM "schema_migrations" ORDER BY "schema_migrations"."version" ASC[0m
  ↳ /Users/nathanguy/.rvm/gems/ruby-2.6.3/gems/web-console-3.7.0/lib/web_console/middleware.rb:135
Processing by SiteController#index as HTML
  Parameters: {"id"=>"7"}
  Rendering site/index.html.erb within layouts/application
  Rendered site/index.html.erb within layouts/application (0.9ms)
[Webpacker] Compiling…
[Webpacker] Compiled all packs in /Users/nathanguy/Desktop/highlandsInterview/V9/productManager/public/packs
Completed 200 OK in 3914ms (Views: 3912.6ms | ActiveRecord: 0.0ms)


Started GET "/api/products.json" for ::1 at 2019-07-09 10:33:51 -0500
Processing by Api::ProductsController#index as JSON
  [1m[36mProduct Load (1.0ms)[0m  [1m[34mSELECT "products".* FROM "products" ORDER BY "products"."available_date" DESC[0m
  ↳ /Users/nathanguy/.rvm/gems/ruby-2.6.3/gems/responders-3.0.0/lib/action_controller/responder.rb:262
Completed 200 OK in 37ms (Views: 24.1ms | ActiveRecord: 2.5ms)


Started GET "/products/" for ::1 at 2019-07-09 10:33:51 -0500
Processing by SiteController#index as HTML
  Rendering site/index.html.erb within layouts/application
  Rendered site/index.html.erb within layouts/application (0.3ms)
Completed 200 OK in 6ms (Views: 5.5ms | ActiveRecord: 0.0ms)


Started GET "/api/products.json" for ::1 at 2019-07-09 10:33:51 -0500
Processing by Api::ProductsController#index as JSON
  [1m[36mProduct Load (0.3ms)[0m  [1m[34mSELECT "products".* FROM "products" ORDER BY "products"."available_date" DESC[0m
  ↳ /Users/nathanguy/.rvm/gems/ruby-2.6.3/gems/responders-3.0.0/lib/action_controller/responder.rb:262
Completed 200 OK in 7ms (Views: 4.9ms | ActiveRecord: 0.3ms)


Started GET "/products/7" for ::1 at 2019-07-09 10:35:35 -0500
Processing by SiteController#index as HTML
  Parameters: {"id"=>"7"}
  Rendering site/index.html.erb within layouts/application
  Rendered site/index.html.erb within layouts/application (0.2ms)
[Webpacker] Compiling…
[Webpacker] Compiled all packs in /Users/nathanguy/Desktop/highlandsInterview/V9/productManager/public/packs
Completed 200 OK in 4485ms (Views: 4482.5ms | ActiveRecord: 0.0ms)


Started GET "/api/products.json" for ::1 at 2019-07-09 10:35:40 -0500
Processing by Api::ProductsController#index as JSON
  [1m[36mProduct Load (0.3ms)[0m  [1m[34mSELECT "products".* FROM "products" ORDER BY "products"."available_date" DESC[0m
  ↳ /Users/nathanguy/.rvm/gems/ruby-2.6.3/gems/responders-3.0.0/lib/action_controller/responder.rb:262
Completed 200 OK in 5ms (Views: 3.0ms | ActiveRecord: 0.3ms)


Started GET "/products/7" for ::1 at 2019-07-09 10:38:02 -0500
Processing by SiteController#index as HTML
  Parameters: {"id"=>"7"}
  Rendering site/index.html.erb within layouts/application
  Rendered site/index.html.erb within layouts/application (0.4ms)
[Webpacker] Compiling…
[Webpacker] Compiled all packs in /Users/nathanguy/Desktop/highlandsInterview/V9/productManager/public/packs
Completed 200 OK in 3484ms (Views: 3483.0ms | ActiveRecord: 0.0ms)


Started GET "/api/products.json" for ::1 at 2019-07-09 10:38:06 -0500
Processing by Api::ProductsController#index as JSON
  [1m[36mProduct Load (0.4ms)[0m  [1m[34mSELECT "products".* FROM "products" ORDER BY "products"."available_date" DESC[0m
  ↳ /Users/nathanguy/.rvm/gems/ruby-2.6.3/gems/responders-3.0.0/lib/action_controller/responder.rb:262
Completed 200 OK in 6ms (Views: 3.8ms | ActiveRecord: 0.4ms)


Started GET "/products/7" for ::1 at 2019-07-09 10:38:48 -0500
Processing by SiteController#index as HTML
  Parameters: {"id"=>"7"}
  Rendering site/index.html.erb within layouts/application
  Rendered site/index.html.erb within layouts/application (0.4ms)
[Webpacker] Compiling…
[Webpacker] Compiled all packs in /Users/nathanguy/Desktop/highlandsInterview/V9/productManager/public/packs
Completed 200 OK in 3657ms (Views: 3655.8ms | ActiveRecord: 0.0ms)


Started GET "/api/products.json" for ::1 at 2019-07-09 10:38:52 -0500
Processing by Api::ProductsController#index as JSON
  [1m[36mProduct Load (0.9ms)[0m  [1m[34mSELECT "products".* FROM "products" ORDER BY "products"."available_date" DESC[0m
  ↳ /Users/nathanguy/.rvm/gems/ruby-2.6.3/gems/responders-3.0.0/lib/action_controller/responder.rb:262
Completed 200 OK in 7ms (Views: 4.6ms | ActiveRecord: 0.9ms)


Started GET "/products/7" for ::1 at 2019-07-09 10:39:40 -0500
Processing by SiteController#index as HTML
  Parameters: {"id"=>"7"}
  Rendering site/index.html.erb within layouts/application
  Rendered site/index.html.erb within layouts/application (0.3ms)
[Webpacker] Compiling…
[Webpacker] Compiled all packs in /Users/nathanguy/Desktop/highlandsInterview/V9/productManager/public/packs
Completed 200 OK in 3744ms (Views: 3743.4ms | ActiveRecord: 0.0ms)


Started GET "/api/products.json" for ::1 at 2019-07-09 10:39:44 -0500
Processing by Api::ProductsController#index as JSON
  [1m[36mProduct Load (0.3ms)[0m  [1m[34mSELECT "products".* FROM "products" ORDER BY "products"."available_date" DESC[0m
  ↳ /Users/nathanguy/.rvm/gems/ruby-2.6.3/gems/responders-3.0.0/lib/action_controller/responder.rb:262
Completed 200 OK in 7ms (Views: 4.4ms | ActiveRecord: 0.3ms)


Started GET "/products/7" for ::1 at 2019-07-09 10:42:13 -0500
Processing by SiteController#index as HTML
  Parameters: {"id"=>"7"}
  Rendering site/index.html.erb within layouts/application
  Rendered site/index.html.erb within layouts/application (0.4ms)
[Webpacker] Compiling…
[Webpacker] Compiled all packs in /Users/nathanguy/Desktop/highlandsInterview/V9/productManager/public/packs
Completed 200 OK in 4278ms (Views: 4276.9ms | ActiveRecord: 0.0ms)


Started GET "/api/products.json" for ::1 at 2019-07-09 10:42:17 -0500
Processing by Api::ProductsController#index as JSON
  [1m[36mProduct Load (0.2ms)[0m  [1m[34mSELECT "products".* FROM "products" ORDER BY "products"."available_date" DESC[0m
  ↳ /Users/nathanguy/.rvm/gems/ruby-2.6.3/gems/responders-3.0.0/lib/action_controller/responder.rb:262
Completed 200 OK in 5ms (Views: 2.7ms | ActiveRecord: 0.2ms)


Started GET "/products/7" for ::1 at 2019-07-09 10:50:45 -0500
  [1m[35m (0.5ms)[0m  [1m[34mSELECT "schema_migrations"."version" FROM "schema_migrations" ORDER BY "schema_migrations"."version" ASC[0m
  ↳ /Users/nathanguy/.rvm/gems/ruby-2.6.3/gems/web-console-3.7.0/lib/web_console/middleware.rb:135
Processing by SiteController#index as HTML
  Parameters: {"id"=>"7"}
  Rendering site/index.html.erb within layouts/application
  Rendered site/index.html.erb within layouts/application (2.2ms)
[Webpacker] Compiling…
[Webpacker] Compiled all packs in /Users/nathanguy/Desktop/highlandsInterview/V9/productManager/public/packs
Completed 200 OK in 13616ms (Views: 13614.4ms | ActiveRecord: 0.0ms)


Started GET "/api/products.json" for ::1 at 2019-07-09 10:50:59 -0500
Processing by Api::ProductsController#index as JSON
  [1m[36mProduct Load (0.7ms)[0m  [1m[34mSELECT "products".* FROM "products" ORDER BY "products"."available_date" DESC[0m
  ↳ /Users/nathanguy/.rvm/gems/ruby-2.6.3/gems/responders-3.0.0/lib/action_controller/responder.rb:262
Completed 200 OK in 28ms (Views: 15.9ms | ActiveRecord: 2.8ms)


Started GET "/products/7" for ::1 at 2019-07-09 10:52:45 -0500
Processing by SiteController#index as HTML
  Parameters: {"id"=>"7"}
  Rendering site/index.html.erb within layouts/application
  Rendered site/index.html.erb within layouts/application (1.1ms)
[Webpacker] Compiling…
[Webpacker] Compiled all packs in /Users/nathanguy/Desktop/highlandsInterview/V9/productManager/public/packs
Completed 200 OK in 4375ms (Views: 4372.5ms | ActiveRecord: 0.0ms)


Started GET "/api/products.json" for ::1 at 2019-07-09 10:52:49 -0500
Processing by Api::ProductsController#index as JSON
  [1m[36mProduct Load (1.2ms)[0m  [1m[34mSELECT "products".* FROM "products" ORDER BY "products"."available_date" DESC[0m
  ↳ /Users/nathanguy/.rvm/gems/ruby-2.6.3/gems/responders-3.0.0/lib/action_controller/responder.rb:262
Completed 200 OK in 14ms (Views: 9.0ms | ActiveRecord: 1.2ms)


Started GET "/products/7" for ::1 at 2019-07-09 10:59:54 -0500
  [1m[35m (0.4ms)[0m  [1m[34mSELECT "schema_migrations"."version" FROM "schema_migrations" ORDER BY "schema_migrations"."version" ASC[0m
  ↳ /Users/nathanguy/.rvm/gems/ruby-2.6.3/gems/web-console-3.7.0/lib/web_console/middleware.rb:135
Processing by SiteController#index as HTML
  Parameters: {"id"=>"7"}
  Rendering site/index.html.erb within layouts/application
  Rendered site/index.html.erb within layouts/application (1.0ms)
[Webpacker] Compiling…
[Webpacker] Compilation failed:

Completed 200 OK in 4423ms (Views: 4422.0ms | ActiveRecord: 0.0ms)


Started GET "/api/products.json" for ::1 at 2019-07-09 10:59:59 -0500
Processing by Api::ProductsController#index as JSON
  [1m[36mProduct Load (1.2ms)[0m  [1m[34mSELECT "products".* FROM "products" ORDER BY "products"."available_date" DESC[0m
  ↳ /Users/nathanguy/.rvm/gems/ruby-2.6.3/gems/responders-3.0.0/lib/action_controller/responder.rb:262
Completed 200 OK in 27ms (Views: 13.6ms | ActiveRecord: 2.8ms)


Started GET "/products/new" for ::1 at 2019-07-09 11:04:48 -0500
Processing by SiteController#index as HTML
  Rendering site/index.html.erb within layouts/application
  Rendered site/index.html.erb within layouts/application (0.4ms)
Started GET "/packs/js/application-442f79b9d572b1803ecb.js.map" for ::1 at 2019-07-09 11:04:48 -0500
Started GET "/packs/js/application-442f79b9d572b1803ecb.js" for ::1 at 2019-07-09 11:04:48 -0500
  
ActionController::RoutingError (No route matches [GET] "/packs/js/application-442f79b9d572b1803ecb.js.map"):
  
actionpack (5.2.3) lib/action_dispatch/middleware/debug_exceptions.rb:65:in `call'
web-console (3.7.0) lib/web_console/middleware.rb:135:in `call_app'
web-console (3.7.0) lib/web_console/middleware.rb:30:in `block in call'
web-console (3.7.0) lib/web_console/middleware.rb:20:in `catch'
web-console (3.7.0) lib/web_console/middleware.rb:20:in `call'
actionpack (5.2.3) lib/action_dispatch/middleware/show_exceptions.rb:33:in `call'
railties (5.2.3) lib/rails/rack/logger.rb:38:in `call_app'
railties (5.2.3) lib/rails/rack/logger.rb:26:in `block in call'
activesupport (5.2.3) lib/active_support/tagged_logging.rb:71:in `block in tagged'
activesupport (5.2.3) lib/active_support/tagged_logging.rb:28:in `tagged'
activesupport (5.2.3) lib/active_support/tagged_logging.rb:71:in `tagged'
railties (5.2.3) lib/rails/rack/logger.rb:26:in `call'
sprockets-rails (3.2.1) lib/sprockets/rails/quiet_assets.rb:13:in `call'
actionpack (5.2.3) lib/action_dispatch/middleware/remote_ip.rb:81:in `call'
actionpack (5.2.3) lib/action_dispatch/middleware/request_id.rb:27:in `call'
rack (2.0.7) lib/rack/method_override.rb:22:in `call'
rack (2.0.7) lib/rack/runtime.rb:22:in `call'
activesupport (5.2.3) lib/active_support/cache/strategy/local_cache_middleware.rb:29:in `call'
actionpack (5.2.3) lib/action_dispatch/middleware/executor.rb:14:in `call'
actionpack (5.2.3) lib/action_dispatch/middleware/static.rb:127:in `call'
rack (2.0.7) lib/rack/sendfile.rb:111:in `call'
webpacker (4.0.7) lib/webpacker/dev_server_proxy.rb:29:in `perform_request'
rack-proxy (0.6.5) lib/rack/proxy.rb:57:in `call'
railties (5.2.3) lib/rails/engine.rb:524:in `call'
puma (3.12.1) lib/puma/configuration.rb:227:in `call'
puma (3.12.1) lib/puma/server.rb:660:in `handle_request'
puma (3.12.1) lib/puma/server.rb:474:in `process_client'
puma (3.12.1) lib/puma/server.rb:334:in `block in run'
puma (3.12.1) lib/puma/thread_pool.rb:135:in `block in spawn_thread'
[Webpacker] Compiling…
  
ActionController::RoutingError (No route matches [GET] "/packs/js/application-442f79b9d572b1803ecb.js"):
  
actionpack (5.2.3) lib/action_dispatch/middleware/debug_exceptions.rb:65:in `call'
web-console (3.7.0) lib/web_console/middleware.rb:135:in `call_app'
web-console (3.7.0) lib/web_console/middleware.rb:30:in `block in call'
web-console (3.7.0) lib/web_console/middleware.rb:20:in `catch'
web-console (3.7.0) lib/web_console/middleware.rb:20:in `call'
actionpack (5.2.3) lib/action_dispatch/middleware/show_exceptions.rb:33:in `call'
railties (5.2.3) lib/rails/rack/logger.rb:38:in `call_app'
railties (5.2.3) lib/rails/rack/logger.rb:26:in `block in call'
activesupport (5.2.3) lib/active_support/tagged_logging.rb:71:in `block in tagged'
activesupport (5.2.3) lib/active_support/tagged_logging.rb:28:in `tagged'
activesupport (5.2.3) lib/active_support/tagged_logging.rb:71:in `tagged'
railties (5.2.3) lib/rails/rack/logger.rb:26:in `call'
sprockets-rails (3.2.1) lib/sprockets/rails/quiet_assets.rb:13:in `call'
actionpack (5.2.3) lib/action_dispatch/middleware/remote_ip.rb:81:in `call'
actionpack (5.2.3) lib/action_dispatch/middleware/request_id.rb:27:in `call'
rack (2.0.7) lib/rack/method_override.rb:22:in `call'
rack (2.0.7) lib/rack/runtime.rb:22:in `call'
activesupport (5.2.3) lib/active_support/cache/strategy/local_cache_middleware.rb:29:in `call'
actionpack (5.2.3) lib/action_dispatch/middleware/executor.rb:14:in `call'
actionpack (5.2.3) lib/action_dispatch/middleware/static.rb:127:in `call'
rack (2.0.7) lib/rack/sendfile.rb:111:in `call'
webpacker (4.0.7) lib/webpacker/dev_server_proxy.rb:29:in `perform_request'
rack-proxy (0.6.5) lib/rack/proxy.rb:57:in `call'
railties (5.2.3) lib/rails/engine.rb:524:in `call'
puma (3.12.1) lib/puma/configuration.rb:227:in `call'
puma (3.12.1) lib/puma/server.rb:660:in `handle_request'
puma (3.12.1) lib/puma/server.rb:474:in `process_client'
puma (3.12.1) lib/puma/server.rb:334:in `block in run'
puma (3.12.1) lib/puma/thread_pool.rb:135:in `block in spawn_thread'
[Webpacker] Compilation failed:

Completed 200 OK in 5259ms (Views: 5257.1ms | ActiveRecord: 0.0ms)


Started GET "/api/products.json" for ::1 at 2019-07-09 11:04:53 -0500
Processing by Api::ProductsController#index as JSON
  [1m[36mProduct Load (0.6ms)[0m  [1m[34mSELECT "products".* FROM "products" ORDER BY "products"."available_date" DESC[0m
  ↳ /Users/nathanguy/.rvm/gems/ruby-2.6.3/gems/responders-3.0.0/lib/action_controller/responder.rb:262
Completed 200 OK in 6ms (Views: 3.8ms | ActiveRecord: 0.6ms)


Started GET "/products/7" for ::1 at 2019-07-09 11:05:39 -0500
Processing by SiteController#index as HTML
  Parameters: {"id"=>"7"}
  Rendering site/index.html.erb within layouts/application
  Rendered site/index.html.erb within layouts/application (0.4ms)
[Webpacker] Compiling…
[Webpacker] Compilation failed:

Completed 200 OK in 4766ms (Views: 4765.0ms | ActiveRecord: 0.0ms)


Started GET "/api/products.json" for ::1 at 2019-07-09 11:05:43 -0500
Processing by Api::ProductsController#index as JSON
  [1m[36mProduct Load (0.3ms)[0m  [1m[34mSELECT "products".* FROM "products" ORDER BY "products"."available_date" DESC[0m
  ↳ /Users/nathanguy/.rvm/gems/ruby-2.6.3/gems/responders-3.0.0/lib/action_controller/responder.rb:262
Completed 200 OK in 7ms (Views: 4.7ms | ActiveRecord: 0.3ms)


Started GET "/products/new" for ::1 at 2019-07-09 11:06:27 -0500
Processing by SiteController#index as HTML
  Rendering site/index.html.erb within layouts/application
  Rendered site/index.html.erb within layouts/application (0.4ms)
[Webpacker] Compiling…
[Webpacker] Compilation failed:

Completed 200 OK in 4633ms (Views: 4631.7ms | ActiveRecord: 0.0ms)


Started GET "/api/products.json" for ::1 at 2019-07-09 11:06:32 -0500
Processing by Api::ProductsController#index as JSON
  [1m[36mProduct Load (0.4ms)[0m  [1m[34mSELECT "products".* FROM "products" ORDER BY "products"."available_date" DESC[0m
  ↳ /Users/nathanguy/.rvm/gems/ruby-2.6.3/gems/responders-3.0.0/lib/action_controller/responder.rb:262
Completed 200 OK in 9ms (Views: 5.9ms | ActiveRecord: 0.4ms)


Started GET "/products/7" for ::1 at 2019-07-09 11:06:46 -0500
Processing by SiteController#index as HTML
  Parameters: {"id"=>"7"}
  Rendering site/index.html.erb within layouts/application
  Rendered site/index.html.erb within layouts/application (0.4ms)
[Webpacker] Compiling…
[Webpacker] Compilation failed:

Completed 200 OK in 3256ms (Views: 3255.0ms | ActiveRecord: 0.0ms)


Started GET "/api/products.json" for ::1 at 2019-07-09 11:06:50 -0500
Processing by Api::ProductsController#index as JSON
  [1m[36mProduct Load (0.4ms)[0m  [1m[34mSELECT "products".* FROM "products" ORDER BY "products"."available_date" DESC[0m
  ↳ /Users/nathanguy/.rvm/gems/ruby-2.6.3/gems/responders-3.0.0/lib/action_controller/responder.rb:262
Completed 200 OK in 11ms (Views: 7.1ms | ActiveRecord: 0.4ms)


Started GET "/products/new" for ::1 at 2019-07-09 11:07:29 -0500
Processing by SiteController#index as HTML
  Rendering site/index.html.erb within layouts/application
  Rendered site/index.html.erb within layouts/application (0.5ms)
[Webpacker] Compiling…
[Webpacker] Compilation failed:

Completed 200 OK in 4192ms (Views: 4191.2ms | ActiveRecord: 0.0ms)


Started GET "/api/products.json" for ::1 at 2019-07-09 11:07:34 -0500
Processing by Api::ProductsController#index as JSON
  [1m[36mProduct Load (0.3ms)[0m  [1m[34mSELECT "products".* FROM "products" ORDER BY "products"."available_date" DESC[0m
  ↳ /Users/nathanguy/.rvm/gems/ruby-2.6.3/gems/responders-3.0.0/lib/action_controller/responder.rb:262
Completed 200 OK in 6ms (Views: 4.2ms | ActiveRecord: 0.3ms)


Started GET "/products/new" for ::1 at 2019-07-09 11:10:06 -0500
Processing by SiteController#index as HTML
  Rendering site/index.html.erb within layouts/application
  Rendered site/index.html.erb within layouts/application (0.4ms)
[Webpacker] Compiling…
[Webpacker] Compilation failed:

Completed 200 OK in 4736ms (Views: 4735.2ms | ActiveRecord: 0.0ms)


Started GET "/api/products.json" for ::1 at 2019-07-09 11:10:11 -0500
Processing by Api::ProductsController#index as JSON
  [1m[36mProduct Load (0.6ms)[0m  [1m[34mSELECT "products".* FROM "products" ORDER BY "products"."available_date" DESC[0m
  ↳ /Users/nathanguy/.rvm/gems/ruby-2.6.3/gems/responders-3.0.0/lib/action_controller/responder.rb:262
Completed 200 OK in 11ms (Views: 5.4ms | ActiveRecord: 0.6ms)


Started GET "/products/new" for ::1 at 2019-07-09 11:11:34 -0500
Processing by SiteController#index as HTML
  Rendering site/index.html.erb within layouts/application
  Rendered site/index.html.erb within layouts/application (0.3ms)
[Webpacker] Compiling…
[Webpacker] Compiled all packs in /Users/nathanguy/Desktop/highlandsInterview/V9/productManager/public/packs
Completed 200 OK in 3188ms (Views: 3187.0ms | ActiveRecord: 0.0ms)


Started GET "/api/products.json" for ::1 at 2019-07-09 11:11:37 -0500
Processing by Api::ProductsController#index as JSON
  [1m[36mProduct Load (0.7ms)[0m  [1m[34mSELECT "products".* FROM "products" ORDER BY "products"."available_date" DESC[0m
  ↳ /Users/nathanguy/.rvm/gems/ruby-2.6.3/gems/responders-3.0.0/lib/action_controller/responder.rb:262
Completed 200 OK in 13ms (Views: 9.4ms | ActiveRecord: 0.7ms)


Started POST "/api/products.json" for ::1 at 2019-07-09 11:11:55 -0500
Processing by Api::ProductsController#create as JSON
  Parameters: {"isTrusted"=>true, "product"=>{}}
Can't verify CSRF token authenticity.
Completed 400 Bad Request in 1ms (ActiveRecord: 0.0ms)


  
ActionController::ParameterMissing (param is missing or the value is empty: product):
  
app/controllers/api/products_controller.rb:29:in `product_params'
app/controllers/api/products_controller.rb:13:in `create'
Started GET "/products/" for ::1 at 2019-07-09 11:49:50 -0500
  [1m[35m (0.4ms)[0m  [1m[34mSELECT "schema_migrations"."version" FROM "schema_migrations" ORDER BY "schema_migrations"."version" ASC[0m
  ↳ /Users/nathanguy/.rvm/gems/ruby-2.6.3/gems/web-console-3.7.0/lib/web_console/middleware.rb:135
Processing by SiteController#index as HTML
  Rendering site/index.html.erb within layouts/application
  Rendered site/index.html.erb within layouts/application (1.3ms)
Completed 200 OK in 20ms (Views: 18.9ms | ActiveRecord: 0.0ms)


Started GET "/api/products.json" for ::1 at 2019-07-09 11:49:50 -0500
Processing by Api::ProductsController#index as JSON
  [1m[36mProduct Load (0.7ms)[0m  [1m[34mSELECT "products".* FROM "products" ORDER BY "products"."available_date" DESC[0m
  ↳ /Users/nathanguy/.rvm/gems/ruby-2.6.3/gems/responders-3.0.0/lib/action_controller/responder.rb:262
Completed 200 OK in 17ms (Views: 9.8ms | ActiveRecord: 1.2ms)


Started GET "/products/" for ::1 at 2019-07-09 11:49:51 -0500
Started GET "/api/products.json" for ::1 at 2019-07-09 11:49:51 -0500
Processing by SiteController#index as HTML
Processing by Api::ProductsController#index as JSON
  [1m[36mProduct Load (0.2ms)[0m  [1m[34mSELECT "products".* FROM "products" ORDER BY "products"."available_date" DESC[0m
  ↳ /Users/nathanguy/.rvm/gems/ruby-2.6.3/gems/responders-3.0.0/lib/action_controller/responder.rb:262
Completed 200 OK in 4ms (Views: 3.0ms | ActiveRecord: 0.2ms)


  Rendering site/index.html.erb within layouts/application
  Rendered site/index.html.erb within layouts/application (0.3ms)
Completed 200 OK in 30ms (Views: 28.1ms | ActiveRecord: 0.0ms)


Started GET "/api/products.json" for ::1 at 2019-07-09 11:49:51 -0500
Processing by Api::ProductsController#index as JSON
  [1m[36mProduct Load (0.2ms)[0m  [1m[34mSELECT "products".* FROM "products" ORDER BY "products"."available_date" DESC[0m
  ↳ /Users/nathanguy/.rvm/gems/ruby-2.6.3/gems/responders-3.0.0/lib/action_controller/responder.rb:262
Completed 200 OK in 4ms (Views: 2.8ms | ActiveRecord: 0.2ms)


Started POST "/api/products.json" for ::1 at 2019-07-09 11:50:19 -0500
Processing by Api::ProductsController#create as JSON
  Parameters: {"isTrusted"=>true, "product"=>{}}
Can't verify CSRF token authenticity.
Completed 400 Bad Request in 1ms (ActiveRecord: 0.0ms)


  
ActionController::ParameterMissing (param is missing or the value is empty: product):
  
app/controllers/api/products_controller.rb:29:in `product_params'
app/controllers/api/products_controller.rb:13:in `create'
Started GET "/products/7" for ::1 at 2019-07-09 12:01:13 -0500
Processing by SiteController#index as HTML
  Parameters: {"id"=>"7"}
  Rendering site/index.html.erb within layouts/application
  Rendered site/index.html.erb within layouts/application (0.2ms)
[Webpacker] Compiling…
[Webpacker] Compiled all packs in /Users/nathanguy/Desktop/highlandsInterview/V9/productManager/public/packs
Completed 200 OK in 4792ms (Views: 4791.4ms | ActiveRecord: 0.0ms)


Started GET "/api/products.json" for ::1 at 2019-07-09 12:01:18 -0500
Processing by Api::ProductsController#index as JSON
  [1m[36mProduct Load (0.6ms)[0m  [1m[34mSELECT "products".* FROM "products" ORDER BY "products"."available_date" DESC[0m
  ↳ /Users/nathanguy/.rvm/gems/ruby-2.6.3/gems/responders-3.0.0/lib/action_controller/responder.rb:262
Completed 200 OK in 8ms (Views: 4.6ms | ActiveRecord: 0.6ms)


Started GET "/products/7" for ::1 at 2019-07-09 12:07:58 -0500
Started GET "/api/products.json" for ::1 at 2019-07-09 12:07:58 -0500
  [1m[35m (0.4ms)[0m  [1m[34mSELECT "schema_migrations"."version" FROM "schema_migrations" ORDER BY "schema_migrations"."version" ASC[0m
  ↳ /Users/nathanguy/.rvm/gems/ruby-2.6.3/gems/web-console-3.7.0/lib/web_console/middleware.rb:135
  [1m[35m (0.1ms)[0m  [1m[34mSELECT "schema_migrations"."version" FROM "schema_migrations" ORDER BY "schema_migrations"."version" ASC[0m
  ↳ /Users/nathanguy/.rvm/gems/ruby-2.6.3/gems/web-console-3.7.0/lib/web_console/middleware.rb:135
Processing by SiteController#index as HTML
  Parameters: {"id"=>"7"}
Processing by Api::ProductsController#index as JSON
  Rendering site/index.html.erb within layouts/application
  Rendered site/index.html.erb within layouts/application (0.9ms)
[Webpacker] Compiling…
[Webpacker] Compiled all packs in /Users/nathanguy/Desktop/highlandsInterview/V9/productManager/public/packs
Completed 200 OK in 4617ms (Views: 4615.9ms | ActiveRecord: 0.0ms)


  [1m[36mProduct Load (0.5ms)[0m  [1m[34mSELECT "products".* FROM "products" ORDER BY "products"."available_date" DESC[0m
  ↳ /Users/nathanguy/.rvm/gems/ruby-2.6.3/gems/responders-3.0.0/lib/action_controller/responder.rb:262
Completed 200 OK in 4641ms (Views: 11.1ms | ActiveRecord: 1.5ms)


Started GET "/api/products.json" for ::1 at 2019-07-09 12:08:03 -0500
Processing by Api::ProductsController#index as JSON
  [1m[36mProduct Load (0.3ms)[0m  [1m[34mSELECT "products".* FROM "products" ORDER BY "products"."available_date" DESC[0m
  ↳ /Users/nathanguy/.rvm/gems/ruby-2.6.3/gems/responders-3.0.0/lib/action_controller/responder.rb:262
Completed 200 OK in 6ms (Views: 4.2ms | ActiveRecord: 0.3ms)


Started GET "/products/1" for ::1 at 2019-07-09 12:21:08 -0500
Processing by SiteController#index as HTML
  Parameters: {"id"=>"1"}
  Rendering site/index.html.erb within layouts/application
  Rendered site/index.html.erb within layouts/application (0.3ms)
[Webpacker] Compiling…
[Webpacker] Compiled all packs in /Users/nathanguy/Desktop/highlandsInterview/V9/productManager/public/packs
Completed 200 OK in 4865ms (Views: 4863.9ms | ActiveRecord: 0.0ms)


Started GET "/api/products.json" for ::1 at 2019-07-09 12:21:13 -0500
Processing by Api::ProductsController#index as JSON
  [1m[36mProduct Load (1.2ms)[0m  [1m[34mSELECT "products".* FROM "products" ORDER BY "products"."available_date" DESC[0m
  ↳ /Users/nathanguy/.rvm/gems/ruby-2.6.3/gems/responders-3.0.0/lib/action_controller/responder.rb:262
Completed 200 OK in 7ms (Views: 4.4ms | ActiveRecord: 1.2ms)


Started POST "/api/products.json" for ::1 at 2019-07-09 12:21:37 -0500
Processing by Api::ProductsController#create as JSON
  Parameters: {"isTrusted"=>true, "product"=>{}}
Can't verify CSRF token authenticity.
Completed 400 Bad Request in 1ms (ActiveRecord: 0.0ms)


  
ActionController::ParameterMissing (param is missing or the value is empty: product):
  
app/controllers/api/products_controller.rb:29:in `product_params'
app/controllers/api/products_controller.rb:13:in `create'
Started GET "/products/7" for ::1 at 2019-07-09 12:27:10 -0500
Processing by SiteController#index as HTML
  Parameters: {"id"=>"7"}
  Rendering site/index.html.erb within layouts/application
  Rendered site/index.html.erb within layouts/application (0.3ms)
[Webpacker] Compiling…
[Webpacker] Compiled all packs in /Users/nathanguy/Desktop/highlandsInterview/V9/productManager/public/packs
Completed 200 OK in 4734ms (Views: 4733.4ms | ActiveRecord: 0.0ms)


Started GET "/api/products.json" for ::1 at 2019-07-09 12:27:15 -0500
Processing by Api::ProductsController#index as JSON
  [1m[36mProduct Load (1.0ms)[0m  [1m[34mSELECT "products".* FROM "products" ORDER BY "products"."available_date" DESC[0m
  ↳ /Users/nathanguy/.rvm/gems/ruby-2.6.3/gems/responders-3.0.0/lib/action_controller/responder.rb:262
Completed 200 OK in 7ms (Views: 3.7ms | ActiveRecord: 1.0ms)


Started GET "/products/" for ::1 at 2019-07-09 12:27:22 -0500
Processing by SiteController#index as HTML
  Rendering site/index.html.erb within layouts/application
  Rendered site/index.html.erb within layouts/application (0.3ms)
Completed 200 OK in 8ms (Views: 7.0ms | ActiveRecord: 0.0ms)


Started GET "/api/products.json" for ::1 at 2019-07-09 12:27:22 -0500
Processing by Api::ProductsController#index as JSON
  [1m[36mProduct Load (0.2ms)[0m  [1m[34mSELECT "products".* FROM "products" ORDER BY "products"."available_date" DESC[0m
  ↳ /Users/nathanguy/.rvm/gems/ruby-2.6.3/gems/responders-3.0.0/lib/action_controller/responder.rb:262
Completed 200 OK in 6ms (Views: 3.7ms | ActiveRecord: 0.2ms)


Started GET "/products/" for ::1 at 2019-07-09 12:37:53 -0500
Processing by SiteController#index as HTML
Started GET "/api/products.json" for ::1 at 2019-07-09 12:37:53 -0500
  Rendering site/index.html.erb within layouts/application
  Rendered site/index.html.erb within layouts/application (0.6ms)
Processing by Api::ProductsController#index as JSON
  [1m[36mProduct Load (0.6ms)[0m  [1m[34mSELECT "products".* FROM "products" ORDER BY "products"."available_date" DESC[0m
  ↳ /Users/nathanguy/.rvm/gems/ruby-2.6.3/gems/responders-3.0.0/lib/action_controller/responder.rb:262
Completed 200 OK in 5ms (Views: 3.5ms | ActiveRecord: 0.6ms)


[Webpacker] Compiling…
[Webpacker] Compiled all packs in /Users/nathanguy/Desktop/highlandsInterview/V9/productManager/public/packs
Completed 200 OK in 4860ms (Views: 4858.6ms | ActiveRecord: 0.0ms)


Started GET "/api/products.json" for ::1 at 2019-07-09 12:37:58 -0500
Processing by Api::ProductsController#index as JSON
  [1m[36mProduct Load (0.4ms)[0m  [1m[34mSELECT "products".* FROM "products" ORDER BY "products"."available_date" DESC[0m
  ↳ /Users/nathanguy/.rvm/gems/ruby-2.6.3/gems/responders-3.0.0/lib/action_controller/responder.rb:262
Completed 200 OK in 8ms (Views: 5.5ms | ActiveRecord: 0.4ms)


Started POST "/api/products.json" for ::1 at 2019-07-09 12:38:26 -0500
Processing by Api::ProductsController#create as JSON
  Parameters: {"isTrusted"=>true, "product"=>{}}
Can't verify CSRF token authenticity.
Completed 400 Bad Request in 1ms (ActiveRecord: 0.0ms)


  
ActionController::ParameterMissing (param is missing or the value is empty: product):
  
app/controllers/api/products_controller.rb:29:in `product_params'
app/controllers/api/products_controller.rb:13:in `create'
Started GET "/products/" for ::1 at 2019-07-09 12:38:46 -0500
Processing by SiteController#index as HTML
  Rendering site/index.html.erb within layouts/application
  Rendered site/index.html.erb within layouts/application (0.3ms)
Completed 200 OK in 27ms (Views: 25.6ms | ActiveRecord: 0.0ms)


Started GET "/api/products.json" for ::1 at 2019-07-09 12:38:46 -0500
Processing by Api::ProductsController#index as JSON
  [1m[36mProduct Load (0.1ms)[0m  [1m[34mSELECT "products".* FROM "products" ORDER BY "products"."available_date" DESC[0m
  ↳ /Users/nathanguy/.rvm/gems/ruby-2.6.3/gems/responders-3.0.0/lib/action_controller/responder.rb:262
Completed 200 OK in 3ms (Views: 2.4ms | ActiveRecord: 0.1ms)


Started GET "/products/" for ::1 at 2019-07-09 12:47:25 -0500
Processing by SiteController#index as HTML
  Rendering site/index.html.erb within layouts/application
  Rendered site/index.html.erb within layouts/application (0.3ms)
[Webpacker] Compiling…
[Webpacker] Compiled all packs in /Users/nathanguy/Desktop/highlandsInterview/V9/productManager/public/packs
Completed 200 OK in 4631ms (Views: 4630.3ms | ActiveRecord: 0.0ms)


Started GET "/api/products.json" for ::1 at 2019-07-09 12:47:29 -0500
Processing by Api::ProductsController#index as JSON
  [1m[36mProduct Load (0.4ms)[0m  [1m[34mSELECT "products".* FROM "products" ORDER BY "products"."available_date" DESC[0m
  ↳ /Users/nathanguy/.rvm/gems/ruby-2.6.3/gems/responders-3.0.0/lib/action_controller/responder.rb:262
Completed 200 OK in 7ms (Views: 3.8ms | ActiveRecord: 0.4ms)


Started GET "/products/" for ::1 at 2019-07-09 13:17:10 -0500
  [1m[35m (0.5ms)[0m  [1m[34mSELECT "schema_migrations"."version" FROM "schema_migrations" ORDER BY "schema_migrations"."version" ASC[0m
  ↳ /Users/nathanguy/.rvm/gems/ruby-2.6.3/gems/web-console-3.7.0/lib/web_console/middleware.rb:135
Processing by SiteController#index as HTML
  Rendering site/index.html.erb within layouts/application
  Rendered site/index.html.erb within layouts/application (1.6ms)
[Webpacker] Compiling…
[Webpacker] Compiled all packs in /Users/nathanguy/Desktop/highlandsInterview/V9/productManager/public/packs
Completed 200 OK in 4513ms (Views: 4512.1ms | ActiveRecord: 0.0ms)


Started GET "/api/products.json" for ::1 at 2019-07-09 13:17:15 -0500
Processing by Api::ProductsController#index as JSON
  [1m[36mProduct Load (0.5ms)[0m  [1m[34mSELECT "products".* FROM "products" ORDER BY "products"."available_date" DESC[0m
  ↳ /Users/nathanguy/.rvm/gems/ruby-2.6.3/gems/responders-3.0.0/lib/action_controller/responder.rb:262
Completed 200 OK in 42ms (Views: 24.0ms | ActiveRecord: 2.7ms)


Started DELETE "/api/products/7.json" for ::1 at 2019-07-09 13:17:28 -0500
Processing by Api::ProductsController#destroy as JSON
  Parameters: {"id"=>"7"}
Can't verify CSRF token authenticity.
  [1m[36mProduct Load (0.2ms)[0m  [1m[34mSELECT  "products".* FROM "products" WHERE "products"."id" = ? LIMIT ?[0m  [["id", 7], ["LIMIT", 1]]
  ↳ app/controllers/api/products_controller.rb:17
  [1m[35m (0.1ms)[0m  [1m[36mbegin transaction[0m
  ↳ app/controllers/api/products_controller.rb:17
  [1m[36mProduct Destroy (0.4ms)[0m  [1m[31mDELETE FROM "products" WHERE "products"."id" = ?[0m  [["id", 7]]
  ↳ app/controllers/api/products_controller.rb:17
  [1m[35m (0.9ms)[0m  [1m[36mcommit transaction[0m
  ↳ app/controllers/api/products_controller.rb:17
Completed 204 No Content in 7ms (ActiveRecord: 1.5ms)


Started POST "/api/products.json" for ::1 at 2019-07-09 13:18:30 -0500
Processing by Api::ProductsController#create as JSON
  Parameters: {"isTrusted"=>true, "product"=>{}}
Can't verify CSRF token authenticity.
Completed 400 Bad Request in 1ms (ActiveRecord: 0.0ms)


  
ActionController::ParameterMissing (param is missing or the value is empty: product):
  
app/controllers/api/products_controller.rb:29:in `product_params'
app/controllers/api/products_controller.rb:13:in `create'
Started GET "/products/1" for ::1 at 2019-07-09 15:41:07 -0500
  [1m[35m (0.6ms)[0m  [1m[34mSELECT "schema_migrations"."version" FROM "schema_migrations" ORDER BY "schema_migrations"."version" ASC[0m
  ↳ /Users/nathanguy/.rvm/gems/ruby-2.6.3/gems/web-console-3.7.0/lib/web_console/middleware.rb:135
Processing by SiteController#index as HTML
  Parameters: {"id"=>"1"}
  Rendering site/index.html.erb within layouts/application
  Rendered site/index.html.erb within layouts/application (1.1ms)
Completed 200 OK in 24ms (Views: 22.1ms | ActiveRecord: 0.0ms)


Started GET "/api/products.json" for ::1 at 2019-07-09 15:41:07 -0500
Processing by Api::ProductsController#index as JSON
  [1m[36mProduct Load (0.6ms)[0m  [1m[34mSELECT "products".* FROM "products" ORDER BY "products"."available_date" DESC[0m
  ↳ /Users/nathanguy/.rvm/gems/ruby-2.6.3/gems/responders-3.0.0/lib/action_controller/responder.rb:262
Completed 200 OK in 26ms (Views: 13.0ms | ActiveRecord: 2.3ms)


Started POST "/api/products.json" for ::1 at 2019-07-09 15:41:42 -0500
Processing by Api::ProductsController#create as JSON
  Parameters: {"isTrusted"=>true, "product"=>{}}
Can't verify CSRF token authenticity.
Completed 400 Bad Request in 1ms (ActiveRecord: 0.0ms)


  
ActionController::ParameterMissing (param is missing or the value is empty: product):
  
app/controllers/api/products_controller.rb:29:in `product_params'
app/controllers/api/products_controller.rb:13:in `create'
Started GET "/products/new" for ::1 at 2019-07-09 16:05:52 -0500
Processing by SiteController#index as HTML
  Rendering site/index.html.erb within layouts/application
  Rendered site/index.html.erb within layouts/application (0.6ms)
[Webpacker] Compiling…
[Webpacker] Compiled all packs in /Users/nathanguy/Desktop/highlandsInterview/V9/productManager/public/packs
Completed 200 OK in 4824ms (Views: 4822.3ms | ActiveRecord: 0.0ms)


Started GET "/api/products.json" for ::1 at 2019-07-09 16:05:57 -0500
Processing by Api::ProductsController#index as JSON
  [1m[36mProduct Load (0.8ms)[0m  [1m[34mSELECT "products".* FROM "products" ORDER BY "products"."available_date" DESC[0m
  ↳ /Users/nathanguy/.rvm/gems/ruby-2.6.3/gems/responders-3.0.0/lib/action_controller/responder.rb:262
Completed 200 OK in 8ms (Views: 5.4ms | ActiveRecord: 0.8ms)


Started POST "/api/products.json" for ::1 at 2019-07-09 16:06:36 -0500
Processing by Api::ProductsController#create as JSON
  Parameters: {"product_name"=>"P7", "available_date"=>"2019-07-30", "product_upc"=>"7123456890", "property_name"=>"Brand: Adidas", "property_value"=>"Model: Cloudfoam Pure", "product"=>{"product_name"=>"P7", "available_date"=>"2019-07-30", "product_upc"=>"7123456890", "property_name"=>"Brand: Adidas", "property_value"=>"Model: Cloudfoam Pure"}}
Can't verify CSRF token authenticity.
  [1m[35m (0.1ms)[0m  [1m[36mbegin transaction[0m
  ↳ app/controllers/api/products_controller.rb:13
  [1m[36mProduct Create (1.0ms)[0m  [1m[32mINSERT INTO "products" ("product_name", "available_date", "product_upc", "property_name", "property_value", "created_at", "updated_at") VALUES (?, ?, ?, ?, ?, ?, ?)[0m  [["product_name", "P7"], ["available_date", "2019-07-30"], ["product_upc", "7123456890"], ["property_name", "Brand: Adidas"], ["property_value", "Model: Cloudfoam Pure"], ["created_at", "2019-07-09 21:06:36.704008"], ["updated_at", "2019-07-09 21:06:36.704008"]]
  ↳ app/controllers/api/products_controller.rb:13
  [1m[35m (0.9ms)[0m  [1m[36mcommit transaction[0m
  ↳ app/controllers/api/products_controller.rb:13
Completed 201 Created in 29ms (Views: 21.5ms | ActiveRecord: 1.9ms)


Started POST "/api/products.json" for ::1 at 2019-07-09 16:08:09 -0500
Processing by Api::ProductsController#create as JSON
  Parameters: {"product_name"=>"P8", "available_date"=>"2019-08-02", "product_upc"=>"8123456790", "property_name"=>"Brand: Vans", "property_value"=>"Model: Old Skool", "product"=>{"product_name"=>"P8", "available_date"=>"2019-08-02", "product_upc"=>"8123456790", "property_name"=>"Brand: Vans", "property_value"=>"Model: Old Skool"}}
Can't verify CSRF token authenticity.
  [1m[35m (0.1ms)[0m  [1m[36mbegin transaction[0m
  ↳ app/controllers/api/products_controller.rb:13
  [1m[36mProduct Create (0.4ms)[0m  [1m[32mINSERT INTO "products" ("product_name", "available_date", "product_upc", "property_name", "property_value", "created_at", "updated_at") VALUES (?, ?, ?, ?, ?, ?, ?)[0m  [["product_name", "P8"], ["available_date", "2019-08-02"], ["product_upc", "8123456790"], ["property_name", "Brand: Vans"], ["property_value", "Model: Old Skool"], ["created_at", "2019-07-09 21:08:09.590553"], ["updated_at", "2019-07-09 21:08:09.590553"]]
  ↳ app/controllers/api/products_controller.rb:13
  [1m[35m (1.3ms)[0m  [1m[36mcommit transaction[0m
  ↳ app/controllers/api/products_controller.rb:13
Completed 201 Created in 5ms (Views: 0.4ms | ActiveRecord: 1.7ms)


Started GET "/products/9" for ::1 at 2019-07-09 16:10:24 -0500
Processing by SiteController#index as HTML
  Parameters: {"id"=>"9"}
  Rendering site/index.html.erb within layouts/application
  Rendered site/index.html.erb within layouts/application (0.4ms)
[Webpacker] Compiling…
[Webpacker] Compiled all packs in /Users/nathanguy/Desktop/highlandsInterview/V9/productManager/public/packs
Completed 200 OK in 4373ms (Views: 4372.5ms | ActiveRecord: 0.0ms)


Started GET "/api/products.json" for ::1 at 2019-07-09 16:10:29 -0500
Processing by Api::ProductsController#index as JSON
  [1m[36mProduct Load (0.2ms)[0m  [1m[34mSELECT "products".* FROM "products" ORDER BY "products"."available_date" DESC[0m
  ↳ /Users/nathanguy/.rvm/gems/ruby-2.6.3/gems/responders-3.0.0/lib/action_controller/responder.rb:262
Completed 200 OK in 5ms (Views: 3.2ms | ActiveRecord: 0.2ms)


Started GET "/products" for ::1 at 2019-07-09 16:16:40 -0500
Processing by SiteController#index as HTML
  Rendering site/index.html.erb within layouts/application
  Rendered site/index.html.erb within layouts/application (0.5ms)
[Webpacker] Compiling…
[Webpacker] Compiled all packs in /Users/nathanguy/Desktop/highlandsInterview/V9/productManager/public/packs
Completed 200 OK in 5122ms (Views: 5118.9ms | ActiveRecord: 0.0ms)


Started GET "/api/products.json" for ::1 at 2019-07-09 16:16:46 -0500
Processing by Api::ProductsController#index as JSON
  [1m[36mProduct Load (0.7ms)[0m  [1m[34mSELECT "products".* FROM "products" ORDER BY "products"."available_date" DESC[0m
  ↳ /Users/nathanguy/.rvm/gems/ruby-2.6.3/gems/responders-3.0.0/lib/action_controller/responder.rb:262
Completed 200 OK in 17ms (Views: 11.3ms | ActiveRecord: 0.7ms)


Started POST "/api/products.json" for ::1 at 2019-07-09 16:18:30 -0500
Processing by Api::ProductsController#create as JSON
  Parameters: {"product_name"=>"P9", "available_date"=>"2019-08-04", "product_upc"=>"9123456780", "property_name"=>"Brand: Vans", "property_value"=>"Model: Original High Top", "product"=>{"product_name"=>"P9", "available_date"=>"2019-08-04", "product_upc"=>"9123456780", "property_name"=>"Brand: Vans", "property_value"=>"Model: Original High Top"}}
Can't verify CSRF token authenticity.
  [1m[35m (0.1ms)[0m  [1m[36mbegin transaction[0m
  ↳ app/controllers/api/products_controller.rb:13
  [1m[36mProduct Create (0.4ms)[0m  [1m[32mINSERT INTO "products" ("product_name", "available_date", "product_upc", "property_name", "property_value", "created_at", "updated_at") VALUES (?, ?, ?, ?, ?, ?, ?)[0m  [["product_name", "P9"], ["available_date", "2019-08-04"], ["product_upc", "9123456780"], ["property_name", "Brand: Vans"], ["property_value", "Model: Original High Top"], ["created_at", "2019-07-09 21:18:30.535720"], ["updated_at", "2019-07-09 21:18:30.535720"]]
  ↳ app/controllers/api/products_controller.rb:13
  [1m[35m (7.5ms)[0m  [1m[36mcommit transaction[0m
  ↳ app/controllers/api/products_controller.rb:13
Completed 201 Created in 35ms (Views: 0.6ms | ActiveRecord: 7.9ms)


Started GET "/products/10" for ::1 at 2019-07-09 16:18:36 -0500
Processing by SiteController#index as HTML
  Parameters: {"id"=>"10"}
  Rendering site/index.html.erb within layouts/application
  Rendered site/index.html.erb within layouts/application (0.4ms)
Completed 200 OK in 17ms (Views: 15.9ms | ActiveRecord: 0.0ms)


Started GET "/api/products.json" for ::1 at 2019-07-09 16:18:36 -0500
Processing by Api::ProductsController#index as JSON
  [1m[36mProduct Load (0.3ms)[0m  [1m[34mSELECT "products".* FROM "products" ORDER BY "products"."available_date" DESC[0m
  ↳ /Users/nathanguy/.rvm/gems/ruby-2.6.3/gems/responders-3.0.0/lib/action_controller/responder.rb:262
Completed 200 OK in 7ms (Views: 4.0ms | ActiveRecord: 0.3ms)


Started DELETE "/api/products/10.json" for ::1 at 2019-07-09 16:18:58 -0500
Processing by Api::ProductsController#destroy as JSON
  Parameters: {"id"=>"10"}
Can't verify CSRF token authenticity.
  [1m[36mProduct Load (0.3ms)[0m  [1m[34mSELECT  "products".* FROM "products" WHERE "products"."id" = ? LIMIT ?[0m  [["id", 10], ["LIMIT", 1]]
  ↳ app/controllers/api/products_controller.rb:17
  [1m[35m (0.1ms)[0m  [1m[36mbegin transaction[0m
  ↳ app/controllers/api/products_controller.rb:17
  [1m[36mProduct Destroy (0.7ms)[0m  [1m[31mDELETE FROM "products" WHERE "products"."id" = ?[0m  [["id", 10]]
  ↳ app/controllers/api/products_controller.rb:17
  [1m[35m (1.2ms)[0m  [1m[36mcommit transaction[0m
  ↳ app/controllers/api/products_controller.rb:17
Completed 204 No Content in 20ms (ActiveRecord: 2.3ms)


Started GET "/products" for ::1 at 2019-07-09 16:19:03 -0500
Processing by SiteController#index as HTML
  Rendering site/index.html.erb within layouts/application
  Rendered site/index.html.erb within layouts/application (0.3ms)
Completed 200 OK in 13ms (Views: 12.4ms | ActiveRecord: 0.0ms)


Started GET "/api/products.json" for ::1 at 2019-07-09 16:19:03 -0500
Processing by Api::ProductsController#index as JSON
  [1m[36mProduct Load (0.3ms)[0m  [1m[34mSELECT "products".* FROM "products" ORDER BY "products"."available_date" DESC[0m
  ↳ /Users/nathanguy/.rvm/gems/ruby-2.6.3/gems/responders-3.0.0/lib/action_controller/responder.rb:262
Completed 200 OK in 7ms (Views: 4.5ms | ActiveRecord: 0.3ms)


Started GET "/products" for ::1 at 2019-07-09 16:19:11 -0500
Processing by SiteController#index as HTML
  Rendering site/index.html.erb within layouts/application
  Rendered site/index.html.erb within layouts/application (0.3ms)
Completed 200 OK in 8ms (Views: 7.8ms | ActiveRecord: 0.0ms)


Started GET "/api/products.json" for ::1 at 2019-07-09 16:19:11 -0500
Processing by Api::ProductsController#index as JSON
  [1m[36mProduct Load (0.6ms)[0m  [1m[34mSELECT "products".* FROM "products" ORDER BY "products"."available_date" DESC[0m
  ↳ /Users/nathanguy/.rvm/gems/ruby-2.6.3/gems/responders-3.0.0/lib/action_controller/responder.rb:262
Completed 200 OK in 9ms (Views: 6.5ms | ActiveRecord: 0.6ms)


Started GET "/products" for ::1 at 2019-07-09 16:20:58 -0500
Started GET "/api/products.json" for ::1 at 2019-07-09 16:20:58 -0500
Processing by SiteController#index as HTML
Processing by Api::ProductsController#index as JSON
  [1m[36mProduct Load (0.2ms)[0m  [1m[34mSELECT "products".* FROM "products" ORDER BY "products"."available_date" DESC[0m
  ↳ /Users/nathanguy/.rvm/gems/ruby-2.6.3/gems/responders-3.0.0/lib/action_controller/responder.rb:262
Completed 200 OK in 4ms (Views: 2.9ms | ActiveRecord: 0.2ms)


  Rendering site/index.html.erb within layouts/application
  Rendered site/index.html.erb within layouts/application (0.5ms)
[Webpacker] Compiling…
[Webpacker] Compiled all packs in /Users/nathanguy/Desktop/highlandsInterview/V9/productManager/public/packs
Completed 200 OK in 5128ms (Views: 5123.4ms | ActiveRecord: 0.0ms)


Started GET "/api/products.json" for ::1 at 2019-07-09 16:21:03 -0500
Processing by Api::ProductsController#index as JSON
  [1m[36mProduct Load (0.7ms)[0m  [1m[34mSELECT "products".* FROM "products" ORDER BY "products"."available_date" DESC[0m
  ↳ /Users/nathanguy/.rvm/gems/ruby-2.6.3/gems/responders-3.0.0/lib/action_controller/responder.rb:262
Completed 200 OK in 10ms (Views: 7.1ms | ActiveRecord: 0.7ms)


Started PUT "/api/products/8.json" for ::1 at 2019-07-09 21:09:44 -0500
Processing by Api::ProductsController#update as JSON
  Parameters: {"id"=>"8", "product_name"=>"P7", "available_date"=>"2019-07-30", "product_upc"=>"7123456890", "property_name"=>"Brand: Adidas", "property_value"=>"Model: Cloudfoam Pure", "created_at"=>"2019-07-09T21:06:36.704Z", "updated_at"=>"2019-07-09T21:06:36.704Z", "product"=>{"id"=>"8", "product_name"=>"P7", "available_date"=>"2019-07-30", "product_upc"=>"7123456890", "property_name"=>"Brand: Adidas", "property_value"=>"Model: Cloudfoam Pure", "created_at"=>"2019-07-09T21:06:36.704Z", "updated_at"=>"2019-07-09T21:06:36.704Z"}}
Can't verify CSRF token authenticity.
  [1m[36mProduct Load (0.6ms)[0m  [1m[34mSELECT  "products".* FROM "products" WHERE "products"."id" = ? LIMIT ?[0m  [["id", 8], ["LIMIT", 1]]
  ↳ app/controllers/api/products_controller.rb:21
Unpermitted parameters: :created_at, :updated_at
  [1m[35m (0.1ms)[0m  [1m[36mbegin transaction[0m
  ↳ app/controllers/api/products_controller.rb:22
  [1m[35m (0.1ms)[0m  [1m[36mcommit transaction[0m
  ↳ app/controllers/api/products_controller.rb:22
Completed 200 OK in 14ms (Views: 1.5ms | ActiveRecord: 0.8ms)


Started GET "/products/9" for ::1 at 2019-07-09 21:11:11 -0500
Started GET "/api/products.json" for ::1 at 2019-07-09 21:11:11 -0500
Processing by Api::ProductsController#index as JSON
Processing by SiteController#index as HTML
  [1m[36mProduct Load (0.3ms)[0m  [1m[34mSELECT "products".* FROM "products" ORDER BY "products"."available_date" DESC[0m
  Parameters: {"id"=>"9"}
  ↳ /Users/nathanguy/.rvm/gems/ruby-2.6.3/gems/responders-3.0.0/lib/action_controller/responder.rb:262
Completed 200 OK in 14ms (Views: 9.8ms | ActiveRecord: 0.3ms)


  Rendering site/index.html.erb within layouts/application
  Rendered site/index.html.erb within layouts/application (1.2ms)
[Webpacker] Compiling…
[Webpacker] Compiled all packs in /Users/nathanguy/Desktop/highlandsInterview/V9/productManager/public/packs
Completed 200 OK in 5518ms (Views: 5508.4ms | ActiveRecord: 0.0ms)


Started GET "/api/products.json" for ::1 at 2019-07-09 21:11:17 -0500
Processing by Api::ProductsController#index as JSON
  [1m[36mProduct Load (1.1ms)[0m  [1m[34mSELECT "products".* FROM "products" ORDER BY "products"."available_date" DESC[0m
  ↳ /Users/nathanguy/.rvm/gems/ruby-2.6.3/gems/responders-3.0.0/lib/action_controller/responder.rb:262
Completed 200 OK in 9ms (Views: 6.6ms | ActiveRecord: 1.1ms)


Started GET "/products/9" for ::1 at 2019-07-09 21:12:04 -0500
Started GET "/api/products.json" for ::1 at 2019-07-09 21:12:04 -0500
Processing by SiteController#index as HTML
  Parameters: {"id"=>"9"}
Processing by Api::ProductsController#index as JSON
  [1m[36mProduct Load (0.2ms)[0m  [1m[34mSELECT "products".* FROM "products" ORDER BY "products"."available_date" DESC[0m
  ↳ /Users/nathanguy/.rvm/gems/ruby-2.6.3/gems/responders-3.0.0/lib/action_controller/responder.rb:262
Completed 200 OK in 5ms (Views: 3.1ms | ActiveRecord: 0.2ms)


  Rendering site/index.html.erb within layouts/application
  Rendered site/index.html.erb within layouts/application (0.6ms)
[Webpacker] Compiling…
[Webpacker] Compiled all packs in /Users/nathanguy/Desktop/highlandsInterview/V9/productManager/public/packs
Completed 200 OK in 3528ms (Views: 3524.6ms | ActiveRecord: 0.0ms)


Started GET "/api/products.json" for ::1 at 2019-07-09 21:12:07 -0500
Processing by Api::ProductsController#index as JSON
  [1m[36mProduct Load (0.8ms)[0m  [1m[34mSELECT "products".* FROM "products" ORDER BY "products"."available_date" DESC[0m
  ↳ /Users/nathanguy/.rvm/gems/ruby-2.6.3/gems/responders-3.0.0/lib/action_controller/responder.rb:262
Completed 200 OK in 11ms (Views: 6.4ms | ActiveRecord: 0.8ms)


Started GET "/products/9" for ::1 at 2019-07-09 21:15:54 -0500
Processing by SiteController#index as HTML
  Parameters: {"id"=>"9"}
  Rendering site/index.html.erb within layouts/application
  Rendered site/index.html.erb within layouts/application (0.3ms)
[Webpacker] Compiling…
[Webpacker] Compiled all packs in /Users/nathanguy/Desktop/highlandsInterview/V9/productManager/public/packs
Completed 200 OK in 3997ms (Views: 3995.9ms | ActiveRecord: 0.0ms)


Started GET "/api/products.json" for ::1 at 2019-07-09 21:15:58 -0500
Processing by Api::ProductsController#index as JSON
  [1m[36mProduct Load (0.5ms)[0m  [1m[34mSELECT "products".* FROM "products" ORDER BY "products"."available_date" DESC[0m
  ↳ /Users/nathanguy/.rvm/gems/ruby-2.6.3/gems/responders-3.0.0/lib/action_controller/responder.rb:262
Completed 200 OK in 6ms (Views: 3.7ms | ActiveRecord: 0.5ms)


Started GET "/products/9" for ::1 at 2019-07-09 21:17:26 -0500
Processing by SiteController#index as HTML
  Parameters: {"id"=>"9"}
  Rendering site/index.html.erb within layouts/application
  Rendered site/index.html.erb within layouts/application (0.4ms)
[Webpacker] Compiling…
[Webpacker] Compiled all packs in /Users/nathanguy/Desktop/highlandsInterview/V9/productManager/public/packs
Completed 200 OK in 4702ms (Views: 4701.3ms | ActiveRecord: 0.0ms)


Started GET "/api/products.json" for ::1 at 2019-07-09 21:17:31 -0500
Processing by Api::ProductsController#index as JSON
  [1m[36mProduct Load (0.4ms)[0m  [1m[34mSELECT "products".* FROM "products" ORDER BY "products"."available_date" DESC[0m
  ↳ /Users/nathanguy/.rvm/gems/ruby-2.6.3/gems/responders-3.0.0/lib/action_controller/responder.rb:262
Completed 200 OK in 10ms (Views: 3.7ms | ActiveRecord: 0.4ms)


Started GET "/products/9" for ::1 at 2019-07-09 21:19:09 -0500
Processing by SiteController#index as HTML
  Parameters: {"id"=>"9"}
  Rendering site/index.html.erb within layouts/application
  Rendered site/index.html.erb within layouts/application (0.4ms)
[Webpacker] Compiling…
[Webpacker] Compiled all packs in /Users/nathanguy/Desktop/highlandsInterview/V9/productManager/public/packs
Completed 200 OK in 4883ms (Views: 4881.8ms | ActiveRecord: 0.0ms)


Started GET "/api/products.json" for ::1 at 2019-07-09 21:19:14 -0500
Processing by Api::ProductsController#index as JSON
  [1m[36mProduct Load (0.3ms)[0m  [1m[34mSELECT "products".* FROM "products" ORDER BY "products"."available_date" DESC[0m
  ↳ /Users/nathanguy/.rvm/gems/ruby-2.6.3/gems/responders-3.0.0/lib/action_controller/responder.rb:262
Completed 200 OK in 5ms (Views: 2.7ms | ActiveRecord: 0.3ms)


Started GET "/products" for ::1 at 2019-07-09 21:19:48 -0500
Started GET "/api/products.json" for ::1 at 2019-07-09 21:19:48 -0500
Processing by SiteController#index as HTML
Processing by Api::ProductsController#index as JSON
  [1m[36mProduct Load (0.2ms)[0m  [1m[34mSELECT "products".* FROM "products" ORDER BY "products"."available_date" DESC[0m
  ↳ /Users/nathanguy/.rvm/gems/ruby-2.6.3/gems/responders-3.0.0/lib/action_controller/responder.rb:262
  Rendering site/index.html.erb within layouts/application
Completed 200 OK in 5ms (Views: 3.6ms | ActiveRecord: 0.2ms)


  Rendered site/index.html.erb within layouts/application (0.4ms)
Completed 200 OK in 14ms (Views: 11.5ms | ActiveRecord: 0.0ms)


Started GET "/api/products.json" for ::1 at 2019-07-09 21:19:49 -0500
Processing by Api::ProductsController#index as JSON
  [1m[36mProduct Load (0.4ms)[0m  [1m[34mSELECT "products".* FROM "products" ORDER BY "products"."available_date" DESC[0m
  ↳ /Users/nathanguy/.rvm/gems/ruby-2.6.3/gems/responders-3.0.0/lib/action_controller/responder.rb:262
Completed 200 OK in 22ms (Views: 19.5ms | ActiveRecord: 0.4ms)


